[2024-10-23 12:22:27] INFO [django.utils.autoreload:668] Watching for file changes with StatReloader
[2024-10-23 12:22:47] WARNING [django.request:241] Not Found: /jd_search/
[2024-10-23 12:22:47] WARNING [django.server:212] "POST /jd_search/ HTTP/1.1" 404 2470
[2024-10-23 12:23:20] WARNING [django.request:241] Not Found: /api/products/jd_search/
[2024-10-23 12:23:20] WARNING [django.server:212] "POST /api/products/jd_search/ HTTP/1.1" 404 2584
[2024-10-23 12:23:21] WARNING [django.request:241] Not Found: /api/products/jd_search/
[2024-10-23 12:23:21] WARNING [django.server:212] "POST /api/products/jd_search/ HTTP/1.1" 404 2584
[2024-10-23 12:23:22] WARNING [django.request:241] Not Found: /api/products/jd_search/
[2024-10-23 12:23:22] WARNING [django.server:212] "POST /api/products/jd_search/ HTTP/1.1" 404 2584
[2024-10-23 12:23:23] WARNING [django.request:241] Not Found: /api/products/jd_search/
[2024-10-23 12:23:23] WARNING [django.server:212] "POST /api/products/jd_search/ HTTP/1.1" 404 2584
[2024-10-23 12:23:23] WARNING [django.request:241] Not Found: /api/products/jd_search/
[2024-10-23 12:23:23] WARNING [django.server:212] "POST /api/products/jd_search/ HTTP/1.1" 404 2584
[2024-10-23 12:23:36] WARNING [django.request:241] Not Found: /api/accounts/
[2024-10-23 12:23:36] WARNING [django.server:212] "POST /api/accounts/ HTTP/1.1" 404 3296
[2024-10-23 12:24:25] INFO [django.utils.autoreload:266] /Users/csgo/Desktop/ZJU_CS_COURSE/price_comparison_website/backend/backend/urls.py changed, reloading.
[2024-10-23 12:24:26] INFO [django.utils.autoreload:668] Watching for file changes with StatReloader
[2024-10-23 12:25:08] WARNING [django.request:241] Not Found: /api/products/jd_search/
[2024-10-23 12:25:08] WARNING [django.server:212] "POST /api/products/jd_search/ HTTP/1.1" 404 2694
[2024-10-23 12:25:09] WARNING [django.request:241] Not Found: /api/products/jd_search/
[2024-10-23 12:25:09] WARNING [django.server:212] "POST /api/products/jd_search/ HTTP/1.1" 404 2694
[2024-10-23 12:25:09] WARNING [django.request:241] Not Found: /api/products/jd_search/
[2024-10-23 12:25:09] WARNING [django.server:212] "POST /api/products/jd_search/ HTTP/1.1" 404 2694
[2024-10-23 12:25:15] WARNING [django.request:241] Not Found: /
[2024-10-23 12:25:15] WARNING [django.server:212] "GET / HTTP/1.1" 404 2531
[2024-10-23 12:25:35] INFO [django.server:212] "OPTIONS /api/accounts/login/ HTTP/1.1" 200 0
[2024-10-23 12:25:35] INFO [django.server:212] "POST /api/accounts/login/ HTTP/1.1" 200 483
[2024-10-23 12:25:35] INFO [django.server:212] "OPTIONS /api/accounts/me HTTP/1.1" 200 0
[2024-10-23 12:25:36] INFO [django.server:212] "OPTIONS /api/accounts/me/ HTTP/1.1" 200 0
[2024-10-23 12:25:36] INFO [django.server:212] "OPTIONS /api/accounts/me/ HTTP/1.1" 200 0
[2024-10-23 12:25:36] INFO [django.server:212] "GET /api/accounts/me/ HTTP/1.1" 200 52
[2024-10-23 12:25:36] INFO [django.server:212] "GET /api/accounts/me/ HTTP/1.1" 200 52
[2024-10-23 12:25:39] INFO [django.server:212] "OPTIONS /api/accounts/logout/ HTTP/1.1" 200 0
[2024-10-23 12:25:39] INFO [django.server:212] "POST /api/accounts/logout/ HTTP/1.1" 205 25
[2024-10-23 12:25:39] INFO [django.server:81] - Broken pipe from ('127.0.0.1', 57017)
[2024-10-23 12:27:11] WARNING [django.request:241] Not Found: /api/accounts
[2024-10-23 12:27:11] WARNING [django.server:212] "POST /api/accounts HTTP/1.1" 404 2586
[2024-10-23 12:27:23] ERROR [django.request:241] Internal Server Error: /api/accounts/login
Traceback (most recent call last):
  File "/Users/csgo/Desktop/ZJU_CS_COURSE/price_comparison_website/.venv/lib/python3.8/site-packages/django/core/handlers/exception.py", line 55, in inner
    response = get_response(request)
  File "/Users/csgo/Desktop/ZJU_CS_COURSE/price_comparison_website/.venv/lib/python3.8/site-packages/django/utils/deprecation.py", line 136, in __call__
    response = self.process_response(request, response)
  File "/Users/csgo/Desktop/ZJU_CS_COURSE/price_comparison_website/.venv/lib/python3.8/site-packages/django/middleware/common.py", line 108, in process_response
    return self.response_redirect_class(self.get_full_path_with_slash(request))
  File "/Users/csgo/Desktop/ZJU_CS_COURSE/price_comparison_website/.venv/lib/python3.8/site-packages/django/middleware/common.py", line 87, in get_full_path_with_slash
    raise RuntimeError(
RuntimeError: You called this URL via POST, but the URL doesn't end in a slash and you have APPEND_SLASH set. Django can't redirect to the slash URL while maintaining POST data. Change your form to point to localhost:8000/api/accounts/login/ (note the trailing slash), or set APPEND_SLASH=False in your Django settings.
[2024-10-23 12:27:23] ERROR [django.server:212] "POST /api/accounts/login HTTP/1.1" 500 75489
[2024-10-23 12:27:24] ERROR [django.request:241] Internal Server Error: /api/accounts/login
Traceback (most recent call last):
  File "/Users/csgo/Desktop/ZJU_CS_COURSE/price_comparison_website/.venv/lib/python3.8/site-packages/django/core/handlers/exception.py", line 55, in inner
    response = get_response(request)
  File "/Users/csgo/Desktop/ZJU_CS_COURSE/price_comparison_website/.venv/lib/python3.8/site-packages/django/utils/deprecation.py", line 136, in __call__
    response = self.process_response(request, response)
  File "/Users/csgo/Desktop/ZJU_CS_COURSE/price_comparison_website/.venv/lib/python3.8/site-packages/django/middleware/common.py", line 108, in process_response
    return self.response_redirect_class(self.get_full_path_with_slash(request))
  File "/Users/csgo/Desktop/ZJU_CS_COURSE/price_comparison_website/.venv/lib/python3.8/site-packages/django/middleware/common.py", line 87, in get_full_path_with_slash
    raise RuntimeError(
RuntimeError: You called this URL via POST, but the URL doesn't end in a slash and you have APPEND_SLASH set. Django can't redirect to the slash URL while maintaining POST data. Change your form to point to localhost:8000/api/accounts/login/ (note the trailing slash), or set APPEND_SLASH=False in your Django settings.
[2024-10-23 12:27:24] ERROR [django.server:212] "POST /api/accounts/login HTTP/1.1" 500 75489
[2024-10-23 12:27:29] ERROR [django.request:241] Internal Server Error: /api/accounts/logout
Traceback (most recent call last):
  File "/Users/csgo/Desktop/ZJU_CS_COURSE/price_comparison_website/.venv/lib/python3.8/site-packages/django/core/handlers/exception.py", line 55, in inner
    response = get_response(request)
  File "/Users/csgo/Desktop/ZJU_CS_COURSE/price_comparison_website/.venv/lib/python3.8/site-packages/django/utils/deprecation.py", line 136, in __call__
    response = self.process_response(request, response)
  File "/Users/csgo/Desktop/ZJU_CS_COURSE/price_comparison_website/.venv/lib/python3.8/site-packages/django/middleware/common.py", line 108, in process_response
    return self.response_redirect_class(self.get_full_path_with_slash(request))
  File "/Users/csgo/Desktop/ZJU_CS_COURSE/price_comparison_website/.venv/lib/python3.8/site-packages/django/middleware/common.py", line 87, in get_full_path_with_slash
    raise RuntimeError(
RuntimeError: You called this URL via POST, but the URL doesn't end in a slash and you have APPEND_SLASH set. Django can't redirect to the slash URL while maintaining POST data. Change your form to point to localhost:8000/api/accounts/logout/ (note the trailing slash), or set APPEND_SLASH=False in your Django settings.
[2024-10-23 12:27:29] ERROR [django.server:212] "POST /api/accounts/logout HTTP/1.1" 500 75505
[2024-10-23 12:27:35] WARNING [django.request:241] Not Found: /api/products
[2024-10-23 12:27:35] WARNING [django.server:212] "POST /api/products HTTP/1.1" 404 2661
[2024-10-23 12:27:42] WARNING [django.request:241] Not Found: /api/products/jd_search
[2024-10-23 12:27:42] WARNING [django.server:212] "POST /api/products/jd_search HTTP/1.1" 404 2691
[2024-10-23 12:27:43] WARNING [django.request:241] Not Found: /api/products/jd_search
[2024-10-23 12:27:43] WARNING [django.server:212] "POST /api/products/jd_search HTTP/1.1" 404 2691
[2024-10-23 12:27:43] WARNING [django.request:241] Not Found: /api/products/jd_search
[2024-10-23 12:27:43] WARNING [django.server:212] "POST /api/products/jd_search HTTP/1.1" 404 2691
[2024-10-23 12:27:44] WARNING [django.request:241] Not Found: /api/products/jd_search
[2024-10-23 12:27:44] WARNING [django.server:212] "POST /api/products/jd_search HTTP/1.1" 404 2691
[2024-10-23 12:34:13] INFO [django.utils.autoreload:266] /Users/csgo/Desktop/ZJU_CS_COURSE/price_comparison_website/backend/products/views.py changed, reloading.
[2024-10-23 12:34:14] INFO [django.utils.autoreload:668] Watching for file changes with StatReloader
[2024-10-23 12:34:26] WARNING [django.request:241] Not Found: /api/products/jd_search
[2024-10-23 12:34:26] WARNING [django.server:212] "POST /api/products/jd_search HTTP/1.1" 404 2691
[2024-10-23 12:34:26] WARNING [django.request:241] Not Found: /api/products/jd_search
[2024-10-23 12:34:26] WARNING [django.server:212] "POST /api/products/jd_search HTTP/1.1" 404 2691
[2024-10-23 12:34:51] INFO [django.utils.autoreload:668] Watching for file changes with StatReloader
[2024-10-23 12:34:54] WARNING [django.request:241] Not Found: /
[2024-10-23 12:34:54] WARNING [django.server:212] "GET / HTTP/1.1" 404 2531
[2024-10-23 12:35:00] WARNING [django.request:241] Not Found: /jd_search
[2024-10-23 12:35:00] WARNING [django.server:212] "GET /jd_search HTTP/1.1" 404 2576
[2024-10-23 12:35:05] WARNING [django.request:241] Not Found: /
[2024-10-23 12:35:05] WARNING [django.server:212] "GET / HTTP/1.1" 404 2531
[2024-10-23 12:35:16] WARNING [django.request:241] Not Found: /jd_search/
[2024-10-23 12:35:16] WARNING [django.server:212] "GET /jd_search/ HTTP/1.1" 404 2654
[2024-10-23 12:35:46] INFO [django.utils.autoreload:266] /Users/csgo/Desktop/ZJU_CS_COURSE/price_comparison_website/backend/backend/urls.py changed, reloading.
[2024-10-23 12:35:47] INFO [django.utils.autoreload:668] Watching for file changes with StatReloader
[2024-10-23 12:35:50] ERROR [django.request:241] Internal Server Error: /api/products/jd_search
Traceback (most recent call last):
  File "/Users/csgo/Desktop/ZJU_CS_COURSE/price_comparison_website/.venv/lib/python3.8/site-packages/django/core/handlers/exception.py", line 55, in inner
    response = get_response(request)
  File "/Users/csgo/Desktop/ZJU_CS_COURSE/price_comparison_website/.venv/lib/python3.8/site-packages/django/utils/deprecation.py", line 136, in __call__
    response = self.process_response(request, response)
  File "/Users/csgo/Desktop/ZJU_CS_COURSE/price_comparison_website/.venv/lib/python3.8/site-packages/django/middleware/common.py", line 108, in process_response
    return self.response_redirect_class(self.get_full_path_with_slash(request))
  File "/Users/csgo/Desktop/ZJU_CS_COURSE/price_comparison_website/.venv/lib/python3.8/site-packages/django/middleware/common.py", line 87, in get_full_path_with_slash
    raise RuntimeError(
RuntimeError: You called this URL via POST, but the URL doesn't end in a slash and you have APPEND_SLASH set. Django can't redirect to the slash URL while maintaining POST data. Change your form to point to localhost:8000/api/products/jd_search/ (note the trailing slash), or set APPEND_SLASH=False in your Django settings.
[2024-10-23 12:35:50] ERROR [django.server:212] "POST /api/products/jd_search HTTP/1.1" 500 75553
[2024-10-23 12:40:58] ERROR [django.request:241] Internal Server Error: /api/products/jd_search
Traceback (most recent call last):
  File "/Users/csgo/Desktop/ZJU_CS_COURSE/price_comparison_website/.venv/lib/python3.8/site-packages/django/core/handlers/exception.py", line 55, in inner
    response = get_response(request)
  File "/Users/csgo/Desktop/ZJU_CS_COURSE/price_comparison_website/.venv/lib/python3.8/site-packages/django/utils/deprecation.py", line 136, in __call__
    response = self.process_response(request, response)
  File "/Users/csgo/Desktop/ZJU_CS_COURSE/price_comparison_website/.venv/lib/python3.8/site-packages/django/middleware/common.py", line 108, in process_response
    return self.response_redirect_class(self.get_full_path_with_slash(request))
  File "/Users/csgo/Desktop/ZJU_CS_COURSE/price_comparison_website/.venv/lib/python3.8/site-packages/django/middleware/common.py", line 87, in get_full_path_with_slash
    raise RuntimeError(
RuntimeError: You called this URL via POST, but the URL doesn't end in a slash and you have APPEND_SLASH set. Django can't redirect to the slash URL while maintaining POST data. Change your form to point to localhost:8000/api/products/jd_search/?Content-Type=application/json (note the trailing slash), or set APPEND_SLASH=False in your Django settings.
[2024-10-23 12:40:58] ERROR [django.server:212] "POST /api/products/jd_search?Content-Type=application/json HTTP/1.1" 500 76223
[2024-10-23 12:41:08] ERROR [django.request:241] Internal Server Error: /api/products/jd_search
Traceback (most recent call last):
  File "/Users/csgo/Desktop/ZJU_CS_COURSE/price_comparison_website/.venv/lib/python3.8/site-packages/django/core/handlers/exception.py", line 55, in inner
    response = get_response(request)
  File "/Users/csgo/Desktop/ZJU_CS_COURSE/price_comparison_website/.venv/lib/python3.8/site-packages/django/utils/deprecation.py", line 136, in __call__
    response = self.process_response(request, response)
  File "/Users/csgo/Desktop/ZJU_CS_COURSE/price_comparison_website/.venv/lib/python3.8/site-packages/django/middleware/common.py", line 108, in process_response
    return self.response_redirect_class(self.get_full_path_with_slash(request))
  File "/Users/csgo/Desktop/ZJU_CS_COURSE/price_comparison_website/.venv/lib/python3.8/site-packages/django/middleware/common.py", line 87, in get_full_path_with_slash
    raise RuntimeError(
RuntimeError: You called this URL via POST, but the URL doesn't end in a slash and you have APPEND_SLASH set. Django can't redirect to the slash URL while maintaining POST data. Change your form to point to localhost:8000/api/products/jd_search/?Content-Type=application/json (note the trailing slash), or set APPEND_SLASH=False in your Django settings.
[2024-10-23 12:41:08] ERROR [django.server:212] "POST /api/products/jd_search?Content-Type=application/json HTTP/1.1" 500 76223
[2024-10-23 12:41:09] ERROR [django.request:241] Internal Server Error: /api/products/jd_search
Traceback (most recent call last):
  File "/Users/csgo/Desktop/ZJU_CS_COURSE/price_comparison_website/.venv/lib/python3.8/site-packages/django/core/handlers/exception.py", line 55, in inner
    response = get_response(request)
  File "/Users/csgo/Desktop/ZJU_CS_COURSE/price_comparison_website/.venv/lib/python3.8/site-packages/django/utils/deprecation.py", line 136, in __call__
    response = self.process_response(request, response)
  File "/Users/csgo/Desktop/ZJU_CS_COURSE/price_comparison_website/.venv/lib/python3.8/site-packages/django/middleware/common.py", line 108, in process_response
    return self.response_redirect_class(self.get_full_path_with_slash(request))
  File "/Users/csgo/Desktop/ZJU_CS_COURSE/price_comparison_website/.venv/lib/python3.8/site-packages/django/middleware/common.py", line 87, in get_full_path_with_slash
    raise RuntimeError(
RuntimeError: You called this URL via POST, but the URL doesn't end in a slash and you have APPEND_SLASH set. Django can't redirect to the slash URL while maintaining POST data. Change your form to point to localhost:8000/api/products/jd_search/?Content-Type=application/json (note the trailing slash), or set APPEND_SLASH=False in your Django settings.
[2024-10-23 12:41:09] ERROR [django.server:212] "POST /api/products/jd_search?Content-Type=application/json HTTP/1.1" 500 76223
[2024-10-23 12:41:54] ERROR [django.request:241] Internal Server Error: /api/products/jd_search
Traceback (most recent call last):
  File "/Users/csgo/Desktop/ZJU_CS_COURSE/price_comparison_website/.venv/lib/python3.8/site-packages/django/core/handlers/exception.py", line 55, in inner
    response = get_response(request)
  File "/Users/csgo/Desktop/ZJU_CS_COURSE/price_comparison_website/.venv/lib/python3.8/site-packages/django/utils/deprecation.py", line 136, in __call__
    response = self.process_response(request, response)
  File "/Users/csgo/Desktop/ZJU_CS_COURSE/price_comparison_website/.venv/lib/python3.8/site-packages/django/middleware/common.py", line 108, in process_response
    return self.response_redirect_class(self.get_full_path_with_slash(request))
  File "/Users/csgo/Desktop/ZJU_CS_COURSE/price_comparison_website/.venv/lib/python3.8/site-packages/django/middleware/common.py", line 87, in get_full_path_with_slash
    raise RuntimeError(
RuntimeError: You called this URL via POST, but the URL doesn't end in a slash and you have APPEND_SLASH set. Django can't redirect to the slash URL while maintaining POST data. Change your form to point to localhost:8000/api/products/jd_search/?Content-Type=application/json (note the trailing slash), or set APPEND_SLASH=False in your Django settings.
[2024-10-23 12:41:54] ERROR [django.server:212] "POST /api/products/jd_search?Content-Type=application/json HTTP/1.1" 500 76223
[2024-10-23 12:41:55] ERROR [django.request:241] Internal Server Error: /api/products/jd_search
Traceback (most recent call last):
  File "/Users/csgo/Desktop/ZJU_CS_COURSE/price_comparison_website/.venv/lib/python3.8/site-packages/django/core/handlers/exception.py", line 55, in inner
    response = get_response(request)
  File "/Users/csgo/Desktop/ZJU_CS_COURSE/price_comparison_website/.venv/lib/python3.8/site-packages/django/utils/deprecation.py", line 136, in __call__
    response = self.process_response(request, response)
  File "/Users/csgo/Desktop/ZJU_CS_COURSE/price_comparison_website/.venv/lib/python3.8/site-packages/django/middleware/common.py", line 108, in process_response
    return self.response_redirect_class(self.get_full_path_with_slash(request))
  File "/Users/csgo/Desktop/ZJU_CS_COURSE/price_comparison_website/.venv/lib/python3.8/site-packages/django/middleware/common.py", line 87, in get_full_path_with_slash
    raise RuntimeError(
RuntimeError: You called this URL via POST, but the URL doesn't end in a slash and you have APPEND_SLASH set. Django can't redirect to the slash URL while maintaining POST data. Change your form to point to localhost:8000/api/products/jd_search/?Content-Type=application/json (note the trailing slash), or set APPEND_SLASH=False in your Django settings.
[2024-10-23 12:41:55] ERROR [django.server:212] "POST /api/products/jd_search?Content-Type=application/json HTTP/1.1" 500 76223
[2024-10-23 12:44:56] INFO [django.utils.autoreload:266] /Users/csgo/Desktop/ZJU_CS_COURSE/price_comparison_website/backend/backend/urls.py changed, reloading.
[2024-10-23 12:44:56] INFO [django.utils.autoreload:668] Watching for file changes with StatReloader
[2024-10-23 12:45:01] INFO [django.utils.autoreload:668] Watching for file changes with StatReloader
[2024-10-23 12:45:33] WARNING [django.security.csrf:241] Forbidden (CSRF cookie not set.): /api/products/jd_search/
[2024-10-23 12:45:33] WARNING [django.server:212] "POST /api/products/jd_search/?Content-Type=application/json HTTP/1.1" 403 2870
[2024-10-23 12:45:35] WARNING [django.security.csrf:241] Forbidden (CSRF cookie not set.): /api/products/jd_search/
[2024-10-23 12:45:35] WARNING [django.server:212] "POST /api/products/jd_search/?Content-Type=application/json HTTP/1.1" 403 2870
[2024-10-23 12:45:41] WARNING [django.security.csrf:241] Forbidden (CSRF cookie not set.): /api/products/jd_search/
[2024-10-23 12:45:41] WARNING [django.server:212] "POST /api/products/jd_search/?Content-Type=application/json HTTP/1.1" 403 2870
[2024-10-23 12:45:42] WARNING [django.security.csrf:241] Forbidden (CSRF cookie not set.): /api/products/jd_search/
[2024-10-23 12:45:42] WARNING [django.server:212] "POST /api/products/jd_search/?Content-Type=application/json HTTP/1.1" 403 2870
[2024-10-23 12:46:14] INFO [django.utils.autoreload:266] /Users/csgo/Desktop/ZJU_CS_COURSE/price_comparison_website/backend/products/views.py changed, reloading.
[2024-10-23 12:46:14] INFO [django.utils.autoreload:668] Watching for file changes with StatReloader
[2024-10-23 12:46:35] WARNING [django.request:241] Unauthorized: /api/products/jd_search/
[2024-10-23 12:46:35] WARNING [django.server:212] "POST /api/products/jd_search/?Content-Type=application/json HTTP/1.1" 401 58
[2024-10-23 12:46:36] WARNING [django.request:241] Unauthorized: /api/products/jd_search/
[2024-10-23 12:46:36] WARNING [django.server:212] "POST /api/products/jd_search/?Content-Type=application/json HTTP/1.1" 401 58
[2024-10-23 12:50:25] INFO [django.utils.autoreload:668] Watching for file changes with StatReloader
[2024-10-23 12:50:40] INFO [django.server:212] "POST /api/products/jd_search/?Content-Type=application/json HTTP/1.1" 200 9420
[2024-10-23 13:02:07] INFO [django.utils.autoreload:266] /Users/csgo/Desktop/ZJU_CS_COURSE/price_comparison_website/backend/products/models.py changed, reloading.
[2024-10-23 13:02:07] INFO [django.utils.autoreload:668] Watching for file changes with StatReloader
[2024-10-23 13:02:24] INFO [django.utils.autoreload:266] /Users/csgo/Desktop/ZJU_CS_COURSE/price_comparison_website/backend/products/models.py changed, reloading.
[2024-10-23 13:02:25] INFO [django.utils.autoreload:668] Watching for file changes with StatReloader
[2024-10-23 13:03:09] INFO [django.utils.autoreload:266] /Users/csgo/Desktop/ZJU_CS_COURSE/price_comparison_website/backend/products/admin.py changed, reloading.
[2024-10-23 13:03:09] INFO [django.utils.autoreload:668] Watching for file changes with StatReloader
[2024-10-23 13:03:57] INFO [django.utils.autoreload:668] Watching for file changes with StatReloader
[2024-10-23 13:04:01] WARNING [django.request:241] Not Found: /
[2024-10-23 13:04:01] WARNING [django.server:212] "GET / HTTP/1.1" 404 2422
[2024-10-23 13:04:07] INFO [django.server:212] "GET /admin/ HTTP/1.1" 302 0
[2024-10-23 13:04:07] INFO [django.server:212] "GET /admin/login/?next=/admin/ HTTP/1.1" 200 4181
[2024-10-23 13:04:07] INFO [django.server:212] "GET /static/admin/css/dark_mode.css HTTP/1.1" 304 0
[2024-10-23 13:04:07] INFO [django.server:212] "GET /static/admin/css/nav_sidebar.css HTTP/1.1" 304 0
[2024-10-23 13:04:07] INFO [django.server:212] "GET /static/admin/css/base.css HTTP/1.1" 200 21310
[2024-10-23 13:04:07] INFO [django.server:212] "GET /static/admin/js/theme.js HTTP/1.1" 304 0
[2024-10-23 13:04:07] INFO [django.server:212] "GET /static/admin/css/login.css HTTP/1.1" 304 0
[2024-10-23 13:04:07] INFO [django.server:212] "GET /static/admin/css/responsive.css HTTP/1.1" 200 18559
[2024-10-23 13:04:07] INFO [django.server:212] "GET /static/admin/js/nav_sidebar.js HTTP/1.1" 304 0
[2024-10-23 13:04:14] INFO [django.server:212] "POST /admin/login/?next=/admin/ HTTP/1.1" 302 0
[2024-10-23 13:04:14] INFO [django.server:212] "GET /admin/ HTTP/1.1" 200 7004
[2024-10-23 13:04:14] INFO [django.server:212] "GET /static/admin/css/dashboard.css HTTP/1.1" 304 0
[2024-10-23 13:04:14] INFO [django.server:212] "GET /static/admin/img/icon-addlink.svg HTTP/1.1" 304 0
[2024-10-23 13:04:14] INFO [django.server:212] "GET /static/admin/img/icon-changelink.svg HTTP/1.1" 304 0
[2024-10-23 13:06:30] INFO [django.server:212] "POST /api/products/jd_search/?Content-Type=application/json HTTP/1.1" 200 4916
[2024-10-23 13:06:58] INFO [django.server:212] "GET /admin/ HTTP/1.1" 200 7004
[2024-10-23 13:07:00] INFO [django.server:212] "GET /admin/products/product/ HTTP/1.1" 200 21724
[2024-10-23 13:07:00] INFO [django.server:212] "GET /static/admin/css/changelists.css HTTP/1.1" 200 6566
[2024-10-23 13:07:00] INFO [django.server:212] "GET /static/admin/js/urlify.js HTTP/1.1" 200 7887
[2024-10-23 13:07:00] INFO [django.server:212] "GET /static/admin/js/core.js HTTP/1.1" 200 5682
[2024-10-23 13:07:00] INFO [django.server:212] "GET /static/admin/js/actions.js HTTP/1.1" 200 7872
[2024-10-23 13:07:00] INFO [django.server:212] "GET /static/admin/js/admin/RelatedObjectLookups.js HTTP/1.1" 200 8943
[2024-10-23 13:07:00] INFO [django.server:212] "GET /static/admin/js/jquery.init.js HTTP/1.1" 304 0
[2024-10-23 13:07:00] INFO [django.server:212] "GET /static/admin/js/prepopulate.js HTTP/1.1" 304 0
[2024-10-23 13:07:00] INFO [django.server:212] "GET /static/admin/js/vendor/xregexp/xregexp.js HTTP/1.1" 200 232381
[2024-10-23 13:07:00] INFO [django.server:212] "GET /static/admin/js/vendor/jquery/jquery.js HTTP/1.1" 200 292458
[2024-10-23 13:07:00] INFO [django.server:212] "GET /static/admin/img/search.svg HTTP/1.1" 304 0
[2024-10-23 13:07:00] INFO [django.server:212] "GET /admin/jsi18n/ HTTP/1.1" 200 3343
[2024-10-23 13:07:00] INFO [django.server:212] "GET /static/admin/js/filters.js HTTP/1.1" 304 0
[2024-10-23 13:07:00] INFO [django.server:212] "GET /static/admin/img/tooltag-add.svg HTTP/1.1" 304 0
[2024-10-23 13:08:33] INFO [django.server:212] "POST /api/products/jd_search/?Content-Type=application/json HTTP/1.1" 200 10964
[2024-10-23 13:08:38] INFO [django.server:212] "GET /admin/products/product/ HTTP/1.1" 200 30788
[2024-10-23 13:08:38] INFO [django.server:212] "GET /admin/jsi18n/ HTTP/1.1" 200 3343
[2024-10-23 13:13:58] INFO [django.utils.autoreload:266] /Users/csgo/Desktop/ZJU_CS_COURSE/price_comparison_website/backend/products/views.py changed, reloading.
[2024-10-23 13:13:59] INFO [django.utils.autoreload:668] Watching for file changes with StatReloader
[2024-10-23 13:16:18] INFO [django.utils.autoreload:668] Watching for file changes with StatReloader
[2024-10-23 13:16:40] INFO [django.utils.autoreload:668] Watching for file changes with StatReloader
[2024-10-23 13:17:59] INFO [django.server:212] "POST /api/products/tb_search/?Content-Type=application/json HTTP/1.1" 200 27
[2024-10-23 13:19:49] INFO [django.server:212] "POST /api/products/tb_search/?Content-Type=application/json HTTP/1.1" 200 104422
[2024-10-23 13:20:26] INFO [django.server:212] "POST /api/products/tb_search/?Content-Type=application/json HTTP/1.1" 200 124853
[2024-10-23 13:20:52] INFO [django.server:212] "GET /admin/products/product/ HTTP/1.1" 200 57959
[2024-10-23 13:20:52] INFO [django.server:212] "GET /admin/jsi18n/ HTTP/1.1" 200 3343
[2024-10-23 13:28:23] INFO [django.utils.autoreload:266] /Users/csgo/Desktop/ZJU_CS_COURSE/price_comparison_website/backend/products/views.py changed, reloading.
[2024-10-23 13:28:24] INFO [django.utils.autoreload:668] Watching for file changes with StatReloader
[2024-10-23 13:29:06] INFO [django.utils.autoreload:266] /Users/csgo/Desktop/ZJU_CS_COURSE/price_comparison_website/backend/products/views.py changed, reloading.
[2024-10-23 13:29:06] INFO [django.utils.autoreload:668] Watching for file changes with StatReloader
[2024-10-23 13:29:29] INFO [django.utils.autoreload:266] /Users/csgo/Desktop/ZJU_CS_COURSE/price_comparison_website/backend/products/views.py changed, reloading.
[2024-10-23 13:29:30] INFO [django.utils.autoreload:668] Watching for file changes with StatReloader
[2024-10-23 13:30:05] INFO [django.utils.autoreload:266] /Users/csgo/Desktop/ZJU_CS_COURSE/price_comparison_website/backend/products/urls.py changed, reloading.
[2024-10-23 13:30:05] INFO [django.utils.autoreload:668] Watching for file changes with StatReloader
[2024-10-23 13:30:38] INFO [django.utils.autoreload:266] /Users/csgo/Desktop/ZJU_CS_COURSE/price_comparison_website/backend/products/views.py changed, reloading.
[2024-10-23 13:30:38] INFO [django.utils.autoreload:668] Watching for file changes with StatReloader
[2024-10-23 13:31:12] INFO [django.utils.autoreload:266] /Users/csgo/Desktop/ZJU_CS_COURSE/price_comparison_website/backend/products/views.py changed, reloading.
[2024-10-23 13:31:13] INFO [django.utils.autoreload:668] Watching for file changes with StatReloader
[2024-10-23 13:32:35] INFO [django.utils.autoreload:266] /Users/csgo/Desktop/ZJU_CS_COURSE/price_comparison_website/backend/products/views.py changed, reloading.
[2024-10-23 13:32:35] INFO [django.utils.autoreload:668] Watching for file changes with StatReloader
[2024-10-23 13:39:41] INFO [django.utils.autoreload:266] /Users/csgo/Desktop/ZJU_CS_COURSE/price_comparison_website/backend/products/views.py changed, reloading.
[2024-10-23 13:39:41] INFO [django.utils.autoreload:668] Watching for file changes with StatReloader
[2024-10-23 13:39:49] ERROR [django.request:241] Internal Server Error: /api/products/search/
[2024-10-23 13:39:49] ERROR [django.server:212] "POST /api/products/search/?Content-Type=application/json HTTP/1.1" 500 63
[2024-10-23 13:45:36] ERROR [django.request:241] Internal Server Error: /api/products/search/
[2024-10-23 13:45:36] ERROR [django.server:212] "POST /api/products/search/?Content-Type=application/json HTTP/1.1" 500 63
[2024-10-23 13:45:40] ERROR [django.request:241] Internal Server Error: /api/products/search/
[2024-10-23 13:45:40] ERROR [django.server:212] "POST /api/products/search/?Content-Type=application/json HTTP/1.1" 500 63
[2024-10-23 13:46:53] INFO [django.utils.autoreload:668] Watching for file changes with StatReloader
[2024-10-23 13:46:59] INFO [django.server:212] "POST /api/products/search/?Content-Type=application/json HTTP/1.1" 200 51583
[2024-10-23 13:47:08] INFO [django.server:212] "GET /admin/products/product/ HTTP/1.1" 200 57899
[2024-10-23 13:47:08] INFO [django.server:212] "GET /admin/jsi18n/ HTTP/1.1" 200 3343
[2024-10-23 13:47:24] INFO [django.server:212] "GET /admin/products/product/?o=2 HTTP/1.1" 200 61840
[2024-10-23 13:47:24] INFO [django.server:212] "GET /admin/jsi18n/ HTTP/1.1" 200 3343
[2024-10-23 13:47:24] INFO [django.server:212] "GET /static/admin/img/sorting-icons.svg HTTP/1.1" 200 1097
[2024-10-23 13:47:25] INFO [django.server:212] "GET /admin/products/product/?o=-2 HTTP/1.1" 200 60921
[2024-10-23 13:47:25] INFO [django.server:212] "GET /admin/jsi18n/ HTTP/1.1" 200 3343
[2024-10-23 13:47:27] INFO [django.server:212] "GET /admin/products/product/?o=1.-2 HTTP/1.1" 200 63184
[2024-10-23 13:47:27] INFO [django.server:212] "GET /admin/jsi18n/ HTTP/1.1" 200 3343
[2024-10-23 13:47:27] INFO [django.server:212] "GET /admin/products/product/?o=2.1 HTTP/1.1" 200 62420
[2024-10-23 13:47:27] INFO [django.server:212] "GET /admin/jsi18n/ HTTP/1.1" 200 3343
[2024-10-23 13:47:28] INFO [django.server:212] "GET /admin/products/product/?o=-2.1 HTTP/1.1" 200 61503
[2024-10-23 13:47:28] INFO [django.server:212] "GET /admin/jsi18n/ HTTP/1.1" 200 3343
[2024-10-23 13:47:29] INFO [django.server:212] "GET /admin/products/product/?o=3.-2.1 HTTP/1.1" 200 63373
[2024-10-23 13:47:29] INFO [django.server:212] "GET /admin/jsi18n/ HTTP/1.1" 200 3343
[2024-10-23 13:47:30] INFO [django.server:212] "GET /admin/products/product/?o=4.3.-2.1 HTTP/1.1" 200 62386
[2024-10-23 13:47:30] INFO [django.server:212] "GET /admin/jsi18n/ HTTP/1.1" 200 3343
[2024-10-23 13:47:31] INFO [django.server:212] "GET /admin/products/product/?o=5.4.3.-2.1 HTTP/1.1" 200 63834
[2024-10-23 13:47:31] INFO [django.server:212] "GET /admin/jsi18n/ HTTP/1.1" 200 3343
[2024-10-23 13:47:33] INFO [django.server:212] "GET /admin/products/product/?o=-5.4.3.-2.1 HTTP/1.1" 200 63473
[2024-10-23 13:47:33] INFO [django.server:212] "GET /admin/jsi18n/ HTTP/1.1" 200 3343
[2024-10-23 13:47:36] INFO [django.server:212] "GET /admin/token_blacklist/blacklistedtoken/ HTTP/1.1" 200 31583
[2024-10-23 13:47:36] INFO [django.server:212] "GET /admin/jsi18n/ HTTP/1.1" 200 3343
[2024-10-23 13:47:38] INFO [django.server:212] "GET /admin/token_blacklist/outstandingtoken/ HTTP/1.1" 200 26908
[2024-10-23 13:47:39] INFO [django.server:212] "GET /admin/products/product/ HTTP/1.1" 200 57899
[2024-10-23 13:47:39] INFO [django.server:212] "GET /admin/jsi18n/ HTTP/1.1" 200 3343
[2024-10-23 13:47:41] INFO [django.server:212] "GET /admin/auth/group/ HTTP/1.1" 200 8394
[2024-10-23 13:47:41] INFO [django.server:212] "GET /admin/jsi18n/ HTTP/1.1" 200 3343
[2024-10-23 13:47:42] INFO [django.server:212] "GET /admin/products/product/ HTTP/1.1" 200 57899
[2024-10-23 13:47:42] INFO [django.server:212] "GET /admin/jsi18n/ HTTP/1.1" 200 3343
[2024-10-23 13:47:51] INFO [django.server:212] "GET /admin/products/product/?o=2 HTTP/1.1" 200 61840
[2024-10-23 13:47:51] INFO [django.server:212] "GET /admin/jsi18n/ HTTP/1.1" 200 3343
[2024-10-23 13:48:20] INFO [django.server:212] "GET /admin/products/product/add/?_changelist_filters=o%3D2 HTTP/1.1" 200 13269
[2024-10-23 13:48:20] INFO [django.server:212] "GET /static/admin/css/forms.css HTTP/1.1" 200 9090
[2024-10-23 13:48:20] INFO [django.server:212] "GET /static/admin/js/prepopulate_init.js HTTP/1.1" 304 0
[2024-10-23 13:48:20] INFO [django.server:212] "GET /admin/jsi18n/ HTTP/1.1" 200 3343
[2024-10-23 13:48:20] INFO [django.server:212] "GET /static/admin/js/change_form.js HTTP/1.1" 304 0
[2024-10-23 13:48:20] INFO [django.server:212] "GET /static/admin/css/widgets.css HTTP/1.1" 200 11921
[2024-10-23 13:48:22] INFO [django.server:212] "GET /admin/products/product/ HTTP/1.1" 200 57899
[2024-10-23 13:48:22] INFO [django.server:212] "GET /admin/jsi18n/ HTTP/1.1" 200 3343
[2024-10-23 13:48:24] INFO [django.server:212] "GET /admin/products/product/add/ HTTP/1.1" 200 13233
[2024-10-23 13:48:24] INFO [django.server:212] "GET /admin/jsi18n/ HTTP/1.1" 200 3343
[2024-10-23 13:48:58] INFO [django.server:212] "POST /admin/products/product/add/ HTTP/1.1" 302 0
[2024-10-23 13:48:58] INFO [django.server:212] "GET /admin/products/product/ HTTP/1.1" 200 57928
[2024-10-23 13:48:58] INFO [django.server:212] "GET /admin/jsi18n/ HTTP/1.1" 200 3343
[2024-10-23 13:48:58] INFO [django.server:212] "GET /static/admin/img/icon-yes.svg HTTP/1.1" 304 0
[2024-10-23 13:52:15] INFO [django.utils.autoreload:266] /Users/csgo/Desktop/ZJU_CS_COURSE/price_comparison_website/backend/products/views.py changed, reloading.
[2024-10-23 13:52:16] INFO [django.utils.autoreload:668] Watching for file changes with StatReloader
[2024-10-23 13:52:32] INFO [django.server:212] "POST /api/products/search/?Content-Type=application/json HTTP/1.1" 200 48538
[2024-10-23 13:53:58] INFO [django.utils.autoreload:266] /Users/csgo/Desktop/ZJU_CS_COURSE/price_comparison_website/backend/products/utils/jd.py changed, reloading.
[2024-10-23 13:53:59] INFO [django.utils.autoreload:668] Watching for file changes with StatReloader
[2024-10-23 13:54:07] INFO [django.server:212] "POST /admin/products/product/ HTTP/1.1" 200 31388
[2024-10-23 13:54:07] INFO [django.server:212] "GET /static/admin/js/cancel.js HTTP/1.1" 200 884
[2024-10-23 13:54:11] INFO [django.server:212] "GET /admin/products/product/ HTTP/1.1" 200 57853
[2024-10-23 13:54:11] INFO [django.server:212] "GET /admin/jsi18n/ HTTP/1.1" 200 3343
[2024-10-23 13:54:19] INFO [django.server:212] "POST /admin/products/product/ HTTP/1.1" 200 31637
[2024-10-23 13:54:23] INFO [django.server:212] "POST /admin/products/product/ HTTP/1.1" 302 0
[2024-10-23 13:54:23] INFO [django.server:212] "GET /admin/products/product/ HTTP/1.1" 200 56936
[2024-10-23 13:54:23] INFO [django.server:212] "GET /admin/jsi18n/ HTTP/1.1" 200 3343
[2024-10-23 13:54:28] INFO [django.server:212] "POST /admin/products/product/ HTTP/1.1" 200 30681
[2024-10-23 13:54:30] INFO [django.server:212] "POST /admin/products/product/ HTTP/1.1" 302 0
[2024-10-23 13:54:30] INFO [django.server:212] "GET /admin/products/product/ HTTP/1.1" 200 48056
[2024-10-23 13:54:30] INFO [django.server:212] "GET /admin/jsi18n/ HTTP/1.1" 200 3343
[2024-10-23 13:54:34] INFO [django.server:212] "POST /admin/products/product/ HTTP/1.1" 200 27266
[2024-10-23 13:54:37] INFO [django.server:212] "POST /admin/products/product/ HTTP/1.1" 302 0
[2024-10-23 13:54:37] INFO [django.server:212] "GET /admin/products/product/ HTTP/1.1" 200 8535
[2024-10-23 13:54:37] INFO [django.server:212] "GET /admin/jsi18n/ HTTP/1.1" 200 3343
[2024-10-23 14:02:37] INFO [django.server:212] "GET /admin/ HTTP/1.1" 302 0
[2024-10-23 14:02:37] INFO [django.server:212] "GET /admin/login/?next=/admin/ HTTP/1.1" 200 4181
[2024-10-23 14:02:37] INFO [django.server:212] "GET /static/admin/css/nav_sidebar.css HTTP/1.1" 200 2694
[2024-10-23 14:02:37] INFO [django.server:212] "GET /static/admin/css/dark_mode.css HTTP/1.1" 200 2929
[2024-10-23 14:02:37] INFO [django.server:212] "GET /static/admin/css/login.css HTTP/1.1" 200 958
[2024-10-23 14:02:37] INFO [django.server:212] "GET /static/admin/css/base.css HTTP/1.1" 200 21310
[2024-10-23 14:02:37] INFO [django.server:212] "GET /static/admin/css/responsive.css HTTP/1.1" 200 18559
[2024-10-23 14:02:37] INFO [django.server:212] "GET /static/admin/js/nav_sidebar.js HTTP/1.1" 200 3063
[2024-10-23 14:02:37] INFO [django.server:212] "GET /static/admin/js/theme.js HTTP/1.1" 200 1943
[2024-10-23 14:02:45] INFO [django.server:212] "POST /admin/login/?next=/admin/ HTTP/1.1" 302 0
[2024-10-23 14:02:45] INFO [django.server:212] "GET /admin/ HTTP/1.1" 200 10476
[2024-10-23 14:02:45] INFO [django.server:212] "GET /static/admin/css/dashboard.css HTTP/1.1" 200 441
[2024-10-23 14:02:45] INFO [django.server:212] "GET /static/admin/img/icon-changelink.svg HTTP/1.1" 200 380
[2024-10-23 14:02:45] INFO [django.server:212] "GET /static/admin/img/icon-deletelink.svg HTTP/1.1" 200 392
[2024-10-23 14:02:45] INFO [django.server:212] "GET /static/admin/img/icon-addlink.svg HTTP/1.1" 200 331
[2024-10-23 14:02:53] INFO [django.server:212] "GET /admin/products/product/ HTTP/1.1" 200 8396
[2024-10-23 14:02:53] INFO [django.server:212] "GET /static/admin/img/search.svg HTTP/1.1" 200 458
[2024-10-23 14:02:53] INFO [django.server:212] "GET /static/admin/css/changelists.css HTTP/1.1" 200 6566
[2024-10-23 14:02:53] INFO [django.server:212] "GET /static/admin/js/jquery.init.js HTTP/1.1" 200 347
[2024-10-23 14:02:53] INFO [django.server:212] "GET /static/admin/js/admin/RelatedObjectLookups.js HTTP/1.1" 200 8943
[2024-10-23 14:02:53] INFO [django.server:212] "GET /static/admin/js/actions.js HTTP/1.1" 200 7872
[2024-10-23 14:02:53] INFO [django.server:212] "GET /static/admin/js/core.js HTTP/1.1" 200 5682
[2024-10-23 14:02:53] INFO [django.server:212] "GET /static/admin/js/urlify.js HTTP/1.1" 200 7887
[2024-10-23 14:02:53] INFO [django.server:212] "GET /static/admin/js/prepopulate.js HTTP/1.1" 200 1531
[2024-10-23 14:02:53] INFO [django.server:212] "GET /admin/jsi18n/ HTTP/1.1" 200 3343
[2024-10-23 14:02:53] INFO [django.server:212] "GET /static/admin/js/vendor/jquery/jquery.js HTTP/1.1" 200 292458
[2024-10-23 14:02:53] INFO [django.server:212] "GET /static/admin/js/vendor/xregexp/xregexp.js HTTP/1.1" 200 232381
[2024-10-23 14:02:53] INFO [django.server:212] "GET /static/admin/js/filters.js HTTP/1.1" 200 978
[2024-10-23 14:02:53] INFO [django.server:212] "GET /static/admin/img/tooltag-add.svg HTTP/1.1" 200 331
[2024-10-23 14:03:11] INFO [django.server:212] "POST /api/products/search/?Content-Type=application/json HTTP/1.1" 200 48535
[2024-10-23 14:03:15] INFO [django.server:212] "GET /admin/products/product/ HTTP/1.1" 200 45272
[2024-10-23 14:03:15] INFO [django.server:212] "GET /admin/jsi18n/ HTTP/1.1" 200 3343
[2024-10-23 14:32:59] INFO [django.server:212] "OPTIONS /api/accounts/login/ HTTP/1.1" 200 0
[2024-10-23 14:33:00] INFO [django.server:212] "POST /api/accounts/login/ HTTP/1.1" 200 483
[2024-10-23 14:33:00] INFO [django.server:212] "OPTIONS /api/accounts/me HTTP/1.1" 200 0
[2024-10-23 14:33:00] INFO [django.server:212] "OPTIONS /api/accounts/me/ HTTP/1.1" 200 0
[2024-10-23 14:33:00] INFO [django.server:212] "OPTIONS /api/accounts/me/ HTTP/1.1" 200 0
[2024-10-23 14:33:00] INFO [django.server:212] "GET /api/accounts/me/ HTTP/1.1" 200 52
[2024-10-23 14:33:00] INFO [django.server:212] "GET /api/accounts/me/ HTTP/1.1" 200 52
[2024-10-23 14:33:30] INFO [django.server:212] "GET /api/accounts/me/ HTTP/1.1" 200 52
[2024-10-23 14:33:30] INFO [django.server:212] "GET /api/accounts/me/ HTTP/1.1" 200 52
[2024-10-23 14:33:30] INFO [django.server:212] "GET /api/accounts/me/ HTTP/1.1" 200 52
[2024-10-23 14:33:30] INFO [django.server:212] "GET /api/accounts/me/ HTTP/1.1" 200 52
[2024-10-23 15:00:45] WARNING [django.request:241] Unauthorized: /api/accounts/me/
[2024-10-23 15:00:45] WARNING [django.server:212] "GET /api/accounts/me/ HTTP/1.1" 401 183
[2024-10-23 15:00:45] WARNING [django.request:241] Unauthorized: /api/accounts/me/
[2024-10-23 15:00:45] WARNING [django.server:212] "GET /api/accounts/me/ HTTP/1.1" 401 183
[2024-10-23 15:00:45] WARNING [django.request:241] Unauthorized: /api/accounts/me/
[2024-10-23 15:00:45] WARNING [django.server:212] "GET /api/accounts/me/ HTTP/1.1" 401 183
[2024-10-23 15:00:45] WARNING [django.request:241] Unauthorized: /api/accounts/me/
[2024-10-23 15:00:45] INFO [django.server:212] "OPTIONS /api/token/refresh/ HTTP/1.1" 200 0
[2024-10-23 15:00:45] WARNING [django.server:212] "GET /api/accounts/me/ HTTP/1.1" 401 183
[2024-10-23 15:00:45] INFO [django.server:212] "OPTIONS /api/token/refresh/ HTTP/1.1" 200 0
[2024-10-23 15:00:45] WARNING [django.request:241] Not Found: /api/token/refresh/
[2024-10-23 15:00:45] WARNING [django.server:212] "POST /api/token/refresh/ HTTP/1.1" 404 2495
[2024-10-23 15:00:45] WARNING [django.request:241] Not Found: /api/token/refresh/
[2024-10-23 15:00:45] INFO [django.server:212] "OPTIONS /api/accounts/logout/ HTTP/1.1" 200 0
[2024-10-23 15:00:45] INFO [django.server:212] "OPTIONS /api/accounts/logout/ HTTP/1.1" 200 0
[2024-10-23 15:00:45] INFO [django.server:212] "OPTIONS /api/accounts/logout/ HTTP/1.1" 200 0
[2024-10-23 15:00:45] WARNING [django.server:212] "POST /api/token/refresh/ HTTP/1.1" 404 2495
[2024-10-23 15:00:45] WARNING [django.request:241] Unauthorized: /api/accounts/logout/
[2024-10-23 15:00:45] WARNING [django.request:241] Unauthorized: /api/accounts/logout/
[2024-10-23 15:00:45] WARNING [django.request:241] Unauthorized: /api/accounts/logout/
[2024-10-23 15:00:45] WARNING [django.request:241] Unauthorized: /api/accounts/logout/
[2024-10-23 15:00:45] WARNING [django.server:212] "POST /api/accounts/logout/ HTTP/1.1" 401 183
[2024-10-23 15:00:45] WARNING [django.request:241] Unauthorized: /api/accounts/logout/
[2024-10-23 15:00:45] WARNING [django.server:212] "POST /api/accounts/logout/ HTTP/1.1" 401 183
[2024-10-23 15:00:45] WARNING [django.server:212] "POST /api/accounts/logout/ HTTP/1.1" 401 183
[2024-10-23 15:00:45] WARNING [django.server:212] "POST /api/accounts/logout/ HTTP/1.1" 401 183
[2024-10-23 15:00:45] WARNING [django.request:241] Unauthorized: /api/accounts/logout/
[2024-10-23 15:00:45] WARNING [django.server:212] "POST /api/accounts/logout/ HTTP/1.1" 401 183
[2024-10-23 15:00:45] WARNING [django.server:212] "POST /api/accounts/logout/ HTTP/1.1" 401 183
[2024-10-23 15:00:45] WARNING [django.request:241] Not Found: /api/token/refresh/
[2024-10-23 15:00:45] WARNING [django.server:212] "POST /api/token/refresh/ HTTP/1.1" 404 2495
[2024-10-23 15:00:45] WARNING [django.request:241] Not Found: /api/token/refresh/
[2024-10-23 15:00:45] WARNING [django.server:212] "POST /api/token/refresh/ HTTP/1.1" 404 2495
[2024-10-23 15:00:45] WARNING [django.request:241] Unauthorized: /api/accounts/logout/
[2024-10-23 15:00:45] WARNING [django.server:212] "POST /api/accounts/logout/ HTTP/1.1" 401 183
[2024-10-23 15:00:46] INFO [django.server:212] "POST /api/accounts/logout/ HTTP/1.1" 205 25
[2024-10-23 15:00:46] WARNING [django.request:241] Unauthorized: /api/accounts/logout/
[2024-10-23 15:00:46] WARNING [django.server:212] "POST /api/accounts/logout/ HTTP/1.1" 401 183
[2024-10-23 15:00:46] INFO [django.server:212] "POST /api/accounts/logout/ HTTP/1.1" 205 25
[2024-10-23 15:01:43] INFO [django.server:212] "POST /api/accounts/login/ HTTP/1.1" 200 483
[2024-10-23 15:01:43] INFO [django.server:212] "GET /api/accounts/me/ HTTP/1.1" 200 52
[2024-10-23 15:01:43] INFO [django.server:212] "GET /api/accounts/me/ HTTP/1.1" 200 52
[2024-10-23 15:54:06] WARNING [django.request:241] Unauthorized: /api/accounts/me/
[2024-10-23 15:54:06] WARNING [django.server:212] "GET /api/accounts/me/ HTTP/1.1" 401 183
[2024-10-23 15:54:06] WARNING [django.request:241] Unauthorized: /api/accounts/me/
[2024-10-23 15:54:06] WARNING [django.server:212] "GET /api/accounts/me/ HTTP/1.1" 401 183
[2024-10-23 15:54:06] WARNING [django.request:241] Unauthorized: /api/accounts/me/
[2024-10-23 15:54:06] WARNING [django.server:212] "GET /api/accounts/me/ HTTP/1.1" 401 183
[2024-10-23 15:54:06] WARNING [django.request:241] Not Found: /api/token/refresh/
[2024-10-23 15:54:06] WARNING [django.server:212] "POST /api/token/refresh/ HTTP/1.1" 404 2495
[2024-10-23 15:54:06] WARNING [django.request:241] Unauthorized: /api/accounts/me/
[2024-10-23 15:54:06] WARNING [django.request:241] Unauthorized: /api/accounts/logout/
[2024-10-23 15:54:06] WARNING [django.server:212] "GET /api/accounts/me/ HTTP/1.1" 401 183
[2024-10-23 15:54:06] WARNING [django.request:241] Unauthorized: /api/accounts/logout/
[2024-10-23 15:54:06] WARNING [django.request:241] Unauthorized: /api/accounts/logout/
[2024-10-23 15:54:06] WARNING [django.server:212] "POST /api/accounts/logout/ HTTP/1.1" 401 183
[2024-10-23 15:54:06] WARNING [django.server:212] "POST /api/accounts/logout/ HTTP/1.1" 401 183
[2024-10-23 15:54:06] WARNING [django.server:212] "POST /api/accounts/logout/ HTTP/1.1" 401 183
[2024-10-23 15:54:06] WARNING [django.request:241] Not Found: /api/token/refresh/
[2024-10-23 15:54:06] WARNING [django.server:212] "POST /api/token/refresh/ HTTP/1.1" 404 2495
[2024-10-23 15:54:06] WARNING [django.request:241] Not Found: /api/token/refresh/
[2024-10-23 15:54:06] WARNING [django.server:212] "POST /api/token/refresh/ HTTP/1.1" 404 2495
[2024-10-23 15:54:06] WARNING [django.request:241] Unauthorized: /api/accounts/logout/
[2024-10-23 15:54:06] WARNING [django.server:212] "POST /api/accounts/logout/ HTTP/1.1" 401 183
[2024-10-23 15:54:06] WARNING [django.request:241] Unauthorized: /api/accounts/logout/
[2024-10-23 15:54:06] WARNING [django.request:241] Unauthorized: /api/accounts/logout/
[2024-10-23 15:54:06] WARNING [django.request:241] Unauthorized: /api/accounts/logout/
[2024-10-23 15:54:06] WARNING [django.server:212] "POST /api/accounts/logout/ HTTP/1.1" 401 183
[2024-10-23 15:54:06] WARNING [django.server:212] "POST /api/accounts/logout/ HTTP/1.1" 401 183
[2024-10-23 15:54:06] WARNING [django.server:212] "POST /api/accounts/logout/ HTTP/1.1" 401 183
[2024-10-23 15:54:06] WARNING [django.request:241] Not Found: /api/token/refresh/
[2024-10-23 15:54:06] WARNING [django.server:212] "POST /api/token/refresh/ HTTP/1.1" 404 2495
[2024-10-23 15:54:06] WARNING [django.request:241] Unauthorized: /api/accounts/logout/
[2024-10-23 15:54:06] WARNING [django.server:212] "POST /api/accounts/logout/ HTTP/1.1" 401 183
[2024-10-23 15:54:06] INFO [django.server:212] "POST /api/accounts/logout/ HTTP/1.1" 205 25
[2024-10-23 15:54:06] INFO [django.server:212] "POST /api/accounts/logout/ HTTP/1.1" 205 25
[2024-10-23 15:54:06] INFO [django.server:81] - Broken pipe from ('127.0.0.1', 53551)
[2024-10-23 15:55:08] INFO [django.server:212] "POST /api/accounts/login/ HTTP/1.1" 200 483
[2024-10-23 15:55:08] INFO [django.server:212] "GET /api/accounts/me/ HTTP/1.1" 200 52
[2024-10-23 15:55:08] INFO [django.server:212] "GET /api/accounts/me/ HTTP/1.1" 200 52
[2024-10-23 15:55:59] INFO [django.server:212] "GET /api/accounts/me/ HTTP/1.1" 200 52
[2024-10-23 15:55:59] INFO [django.server:212] "GET /api/accounts/me/ HTTP/1.1" 200 52
[2024-10-23 15:56:30] INFO [django.server:212] "GET /api/accounts/me/ HTTP/1.1" 200 52
[2024-10-23 15:56:30] INFO [django.server:212] "GET /api/accounts/me/ HTTP/1.1" 200 52
[2024-10-23 15:56:33] INFO [django.server:212] "GET /api/accounts/me/ HTTP/1.1" 200 52
[2024-10-23 15:56:33] INFO [django.server:212] "GET /api/accounts/me/ HTTP/1.1" 200 52
[2024-10-23 15:59:17] INFO [django.server:212] "GET /api/accounts/me/ HTTP/1.1" 200 52
[2024-10-23 15:59:17] INFO [django.server:212] "GET /api/accounts/me/ HTTP/1.1" 200 52
[2024-10-23 16:09:56] WARNING [django.request:241] Unauthorized: /api/accounts/me/
[2024-10-23 16:09:56] WARNING [django.server:212] "GET /api/accounts/me/ HTTP/1.1" 401 183
[2024-10-23 16:09:56] WARNING [django.request:241] Unauthorized: /api/accounts/me/
[2024-10-23 16:09:56] WARNING [django.server:212] "GET /api/accounts/me/ HTTP/1.1" 401 183
[2024-10-23 16:09:56] WARNING [django.request:241] Not Found: /api/token/refresh/
[2024-10-23 16:09:56] WARNING [django.server:212] "POST /api/token/refresh/ HTTP/1.1" 404 2495
[2024-10-23 16:09:56] WARNING [django.request:241] Unauthorized: /api/accounts/logout/
[2024-10-23 16:09:56] WARNING [django.request:241] Unauthorized: /api/accounts/logout/
[2024-10-23 16:09:56] WARNING [django.server:212] "POST /api/accounts/logout/ HTTP/1.1" 401 183
[2024-10-23 16:09:56] WARNING [django.server:212] "POST /api/accounts/logout/ HTTP/1.1" 401 183
[2024-10-23 16:09:56] WARNING [django.request:241] Unauthorized: /api/accounts/logout/
[2024-10-23 16:09:56] WARNING [django.server:212] "POST /api/accounts/logout/ HTTP/1.1" 401 183
[2024-10-23 16:09:56] WARNING [django.request:241] Not Found: /api/token/refresh/
[2024-10-23 16:09:56] WARNING [django.server:212] "POST /api/token/refresh/ HTTP/1.1" 404 2495
[2024-10-23 16:09:56] WARNING [django.request:241] Unauthorized: /api/accounts/logout/
[2024-10-23 16:09:56] WARNING [django.server:212] "POST /api/accounts/logout/ HTTP/1.1" 401 183
[2024-10-23 16:09:56] INFO [django.server:212] "POST /api/accounts/logout/ HTTP/1.1" 205 25
[2024-10-23 16:19:14] INFO [django.utils.autoreload:668] Watching for file changes with StatReloader
[2024-10-23 16:19:22] WARNING [django.request:241] Not Found: /
[2024-10-23 16:19:22] WARNING [django.server:212] "GET / HTTP/1.1" 404 2422
[2024-10-23 16:19:35] INFO [django.server:212] "POST /api/accounts/login/ HTTP/1.1" 200 483
[2024-10-23 16:19:35] INFO [django.server:212] "GET /api/accounts/me/ HTTP/1.1" 200 52
[2024-10-23 16:19:35] INFO [django.server:212] "GET /api/accounts/me/ HTTP/1.1" 200 52
[2024-10-23 16:19:42] INFO [django.server:212] "OPTIONS /api/products/search/ HTTP/1.1" 200 0
[2024-10-23 16:19:42] WARNING [django.request:241] Bad Request: /api/products/search/
[2024-10-23 16:19:42] WARNING [django.server:212] "POST /api/products/search/ HTTP/1.1" 400 76
[2024-10-23 16:19:44] WARNING [django.request:241] Bad Request: /api/products/search/
[2024-10-23 16:19:44] WARNING [django.server:212] "POST /api/products/search/ HTTP/1.1" 400 76
[2024-10-23 16:20:05] WARNING [django.request:241] Bad Request: /api/products/search/
[2024-10-23 16:20:05] WARNING [django.server:212] "POST /api/products/search/ HTTP/1.1" 400 76
[2024-10-23 16:20:20] INFO [django.server:212] "GET /api/accounts/me/ HTTP/1.1" 200 52
[2024-10-24 05:10:14] INFO [django.server:212] "OPTIONS /api/accounts/me HTTP/1.1" 200 0
[2024-10-24 05:10:14] INFO [django.server:212] "OPTIONS /api/accounts/me/ HTTP/1.1" 200 0
[2024-10-24 05:10:14] WARNING [django.request:241] Unauthorized: /api/accounts/me/
[2024-10-24 05:10:14] WARNING [django.server:212] "GET /api/accounts/me/ HTTP/1.1" 401 183
[2024-10-24 05:10:14] INFO [django.server:212] "OPTIONS /api/token/refresh/ HTTP/1.1" 200 0
[2024-10-24 05:10:14] WARNING [django.request:241] Not Found: /api/token/refresh/
[2024-10-24 05:10:14] WARNING [django.server:212] "POST /api/token/refresh/ HTTP/1.1" 404 2495
[2024-10-24 05:10:14] INFO [django.server:212] "OPTIONS /api/accounts/logout/ HTTP/1.1" 200 0
[2024-10-24 05:10:14] INFO [django.server:212] "OPTIONS /api/accounts/logout/ HTTP/1.1" 200 0
[2024-10-24 05:10:14] WARNING [django.request:241] Unauthorized: /api/accounts/logout/
[2024-10-24 05:10:14] WARNING [django.request:241] Unauthorized: /api/accounts/logout/
[2024-10-24 05:10:14] WARNING [django.server:212] "POST /api/accounts/logout/ HTTP/1.1" 401 183
[2024-10-24 05:10:14] WARNING [django.server:212] "POST /api/accounts/logout/ HTTP/1.1" 401 183
[2024-10-24 05:10:15] WARNING [django.request:241] Not Found: /api/token/refresh/
[2024-10-24 05:10:15] WARNING [django.server:212] "POST /api/token/refresh/ HTTP/1.1" 404 2495
[2024-10-24 05:10:15] WARNING [django.request:241] Unauthorized: /api/accounts/logout/
[2024-10-24 05:10:15] WARNING [django.server:212] "POST /api/accounts/logout/ HTTP/1.1" 401 183
[2024-10-24 05:10:15] INFO [django.server:212] "POST /api/accounts/logout/ HTTP/1.1" 205 25
[2024-10-24 05:48:27] INFO [django.server:212] "OPTIONS /api/products/search/ HTTP/1.1" 200 0
[2024-10-24 05:48:27] WARNING [django.request:241] Bad Request: /api/products/search/
[2024-10-24 05:48:27] WARNING [django.server:212] "POST /api/products/search/ HTTP/1.1" 400 76
[2024-10-24 05:48:39] INFO [django.server:212] "OPTIONS /api/accounts/login/ HTTP/1.1" 200 0
[2024-10-24 05:48:40] INFO [django.server:212] "POST /api/accounts/login/ HTTP/1.1" 200 483
[2024-10-24 05:48:40] INFO [django.server:212] "GET /api/accounts/me/ HTTP/1.1" 200 52
[2024-10-24 05:48:40] INFO [django.server:212] "GET /api/accounts/me/ HTTP/1.1" 200 52
[2024-10-24 05:48:45] WARNING [django.request:241] Bad Request: /api/products/search/
[2024-10-24 05:48:45] WARNING [django.server:212] "POST /api/products/search/ HTTP/1.1" 400 76
[2024-10-24 05:53:27] INFO [django.utils.autoreload:266] /Users/csgo/Desktop/ZJU_CS_COURSE/price_comparison_website/backend/products/views.py changed, reloading.
[2024-10-24 05:53:28] INFO [django.utils.autoreload:668] Watching for file changes with StatReloader
[2024-10-24 06:05:05] INFO [django.utils.autoreload:668] Watching for file changes with StatReloader
[2024-10-24 06:05:44] INFO [django.utils.autoreload:266] /Users/csgo/Desktop/ZJU_CS_COURSE/price_comparison_website/backend/products/views.py changed, reloading.
[2024-10-24 06:05:45] INFO [django.utils.autoreload:668] Watching for file changes with StatReloader
[2024-10-24 06:06:41] INFO [django.utils.autoreload:266] /Users/csgo/Desktop/ZJU_CS_COURSE/price_comparison_website/backend/products/views.py changed, reloading.
[2024-10-24 06:06:41] INFO [django.utils.autoreload:668] Watching for file changes with StatReloader
[2024-10-24 06:07:02] WARNING [django.request:241] Unauthorized: /api/accounts/me/
[2024-10-24 06:07:02] WARNING [django.server:212] "GET /api/accounts/me/ HTTP/1.1" 401 183
[2024-10-24 06:07:02] WARNING [django.request:241] Not Found: /api/token/refresh/
[2024-10-24 06:07:02] WARNING [django.server:212] "POST /api/token/refresh/ HTTP/1.1" 404 2495
[2024-10-24 06:07:02] WARNING [django.request:241] Unauthorized: /api/accounts/logout/
[2024-10-24 06:07:02] WARNING [django.request:241] Unauthorized: /api/accounts/logout/
[2024-10-24 06:07:02] WARNING [django.server:212] "POST /api/accounts/logout/ HTTP/1.1" 401 183
[2024-10-24 06:07:02] WARNING [django.server:212] "POST /api/accounts/logout/ HTTP/1.1" 401 183
[2024-10-24 06:07:02] WARNING [django.request:241] Not Found: /api/token/refresh/
[2024-10-24 06:07:02] WARNING [django.server:212] "POST /api/token/refresh/ HTTP/1.1" 404 2495
[2024-10-24 06:07:02] WARNING [django.request:241] Unauthorized: /api/accounts/logout/
[2024-10-24 06:07:02] WARNING [django.server:212] "POST /api/accounts/logout/ HTTP/1.1" 401 183
[2024-10-24 06:07:02] INFO [django.server:212] "POST /api/accounts/logout/ HTTP/1.1" 205 25
[2024-10-24 06:07:07] INFO [django.server:212] "POST /api/accounts/login/ HTTP/1.1" 200 483
[2024-10-24 06:07:07] INFO [django.server:212] "GET /api/accounts/me/ HTTP/1.1" 200 52
[2024-10-24 06:07:07] INFO [django.server:212] "GET /api/accounts/me/ HTTP/1.1" 200 52
[2024-10-24 06:09:46] WARNING [django.request:241] Bad Request: /api/products/search/
[2024-10-24 06:09:46] WARNING [django.server:212] "POST /api/products/search/ HTTP/1.1" 400 76
[2024-10-24 06:11:05] INFO [django.server:212] "POST /api/products/search/?Content-Type=application/json HTTP/1.1" 200 62296
[2024-10-24 06:11:27] WARNING [django.request:241] Bad Request: /api/products/search/
[2024-10-24 06:11:27] WARNING [django.server:212] "POST /api/products/search/ HTTP/1.1" 400 76
[2024-10-24 06:17:52] WARNING [django.request:241] Unauthorized: /api/products/search/
[2024-10-24 06:17:52] WARNING [django.server:212] "POST /api/products/search/ HTTP/1.1" 401 183
[2024-10-24 06:17:52] WARNING [django.request:241] Not Found: /api/token/refresh/
[2024-10-24 06:17:52] WARNING [django.server:212] "POST /api/token/refresh/ HTTP/1.1" 404 2495
[2024-10-24 06:17:52] WARNING [django.request:241] Unauthorized: /api/accounts/logout/
[2024-10-24 06:17:52] WARNING [django.server:212] "POST /api/accounts/logout/ HTTP/1.1" 401 183
[2024-10-24 06:17:52] WARNING [django.request:241] Not Found: /api/token/refresh/
[2024-10-24 06:17:52] WARNING [django.server:212] "POST /api/token/refresh/ HTTP/1.1" 404 2495
[2024-10-24 06:17:52] WARNING [django.request:241] Unauthorized: /api/accounts/logout/
[2024-10-24 06:17:52] WARNING [django.server:212] "POST /api/accounts/logout/ HTTP/1.1" 401 183
[2024-10-24 06:17:52] INFO [django.server:212] "POST /api/accounts/logout/ HTTP/1.1" 205 25
[2024-10-24 06:17:55] INFO [django.server:212] "POST /api/accounts/login/ HTTP/1.1" 200 483
[2024-10-24 06:17:55] INFO [django.server:212] "GET /api/accounts/me/ HTTP/1.1" 200 52
[2024-10-24 06:17:55] INFO [django.server:212] "GET /api/accounts/me/ HTTP/1.1" 200 52
[2024-10-24 06:22:49] INFO [django.server:212] "GET /api/accounts/me/ HTTP/1.1" 200 52
[2024-10-24 06:24:09] WARNING [django.request:241] Unauthorized: /api/accounts/me/
[2024-10-24 06:24:09] WARNING [django.server:212] "GET /api/accounts/me/ HTTP/1.1" 401 183
[2024-10-24 06:24:09] WARNING [django.request:241] Unauthorized: /api/accounts/me/
[2024-10-24 06:24:09] WARNING [django.server:212] "GET /api/accounts/me/ HTTP/1.1" 401 183
[2024-10-24 06:24:09] WARNING [django.request:241] Not Found: /api/token/refresh/
[2024-10-24 06:24:09] WARNING [django.server:212] "POST /api/token/refresh/ HTTP/1.1" 404 2495
[2024-10-24 06:24:09] WARNING [django.request:241] Unauthorized: /api/accounts/logout/
[2024-10-24 06:24:09] WARNING [django.request:241] Unauthorized: /api/accounts/logout/
[2024-10-24 06:24:09] WARNING [django.request:241] Unauthorized: /api/accounts/logout/
[2024-10-24 06:24:09] WARNING [django.server:212] "POST /api/accounts/logout/ HTTP/1.1" 401 183
[2024-10-24 06:24:09] WARNING [django.server:212] "POST /api/accounts/logout/ HTTP/1.1" 401 183
[2024-10-24 06:24:09] WARNING [django.server:212] "POST /api/accounts/logout/ HTTP/1.1" 401 183
[2024-10-24 06:24:09] WARNING [django.request:241] Not Found: /api/token/refresh/
[2024-10-24 06:24:09] WARNING [django.server:212] "POST /api/token/refresh/ HTTP/1.1" 404 2495
[2024-10-24 06:24:09] WARNING [django.request:241] Unauthorized: /api/accounts/logout/
[2024-10-24 06:24:09] WARNING [django.server:212] "POST /api/accounts/logout/ HTTP/1.1" 401 183
[2024-10-24 06:24:09] INFO [django.server:212] "POST /api/accounts/logout/ HTTP/1.1" 205 25
[2024-10-24 06:24:16] INFO [django.server:212] "POST /api/accounts/login/ HTTP/1.1" 200 483
[2024-10-24 06:24:16] INFO [django.server:212] "GET /api/accounts/me/ HTTP/1.1" 200 52
[2024-10-24 06:24:16] INFO [django.server:212] "GET /api/accounts/me/ HTTP/1.1" 200 52
[2024-10-24 06:25:10] INFO [django.server:212] "OPTIONS /api/api/products/search/ HTTP/1.1" 200 0
[2024-10-24 06:25:10] WARNING [django.request:241] Not Found: /api/api/products/search/
[2024-10-24 06:25:10] WARNING [django.server:212] "POST /api/api/products/search/ HTTP/1.1" 404 2513
[2024-10-24 06:25:11] WARNING [django.request:241] Not Found: /api/api/products/search/
[2024-10-24 06:25:11] WARNING [django.server:212] "POST /api/api/products/search/ HTTP/1.1" 404 2513
[2024-10-24 06:30:10] INFO [django.utils.autoreload:266] /Users/csgo/Desktop/ZJU_CS_COURSE/price_comparison_website/backend/products/urls.py changed, reloading.
[2024-10-24 06:30:11] INFO [django.utils.autoreload:668] Watching for file changes with StatReloader
[2024-10-24 06:30:14] INFO [django.utils.autoreload:266] /Users/csgo/Desktop/ZJU_CS_COURSE/price_comparison_website/backend/products/urls.py changed, reloading.
[2024-10-24 06:30:14] INFO [django.utils.autoreload:668] Watching for file changes with StatReloader
[2024-10-24 06:30:34] INFO [django.utils.autoreload:266] /Users/csgo/Desktop/ZJU_CS_COURSE/price_comparison_website/backend/products/urls.py changed, reloading.
[2024-10-24 06:30:35] INFO [django.utils.autoreload:668] Watching for file changes with StatReloader
[2024-10-24 06:31:52] INFO [django.utils.autoreload:266] /Users/csgo/Desktop/ZJU_CS_COURSE/price_comparison_website/backend/products/views.py changed, reloading.
[2024-10-24 06:31:53] INFO [django.utils.autoreload:668] Watching for file changes with StatReloader
[2024-10-24 06:32:32] WARNING [django.request:241] Unauthorized: /api/accounts/me/
[2024-10-24 06:32:32] WARNING [django.server:212] "GET /api/accounts/me/ HTTP/1.1" 401 183
[2024-10-24 06:32:33] WARNING [django.request:241] Not Found: /api/token/refresh/
[2024-10-24 06:32:33] WARNING [django.server:212] "POST /api/token/refresh/ HTTP/1.1" 404 2495
[2024-10-24 06:32:33] WARNING [django.request:241] Unauthorized: /api/accounts/logout/
[2024-10-24 06:32:33] WARNING [django.request:241] Unauthorized: /api/accounts/logout/
[2024-10-24 06:32:33] WARNING [django.server:212] "POST /api/accounts/logout/ HTTP/1.1" 401 183
[2024-10-24 06:32:33] WARNING [django.server:212] "POST /api/accounts/logout/ HTTP/1.1" 401 183
[2024-10-24 06:32:33] WARNING [django.request:241] Not Found: /api/token/refresh/
[2024-10-24 06:32:33] WARNING [django.server:212] "POST /api/token/refresh/ HTTP/1.1" 404 2495
[2024-10-24 06:32:33] WARNING [django.request:241] Unauthorized: /api/accounts/logout/
[2024-10-24 06:32:33] WARNING [django.server:212] "POST /api/accounts/logout/ HTTP/1.1" 401 183
[2024-10-24 06:32:33] INFO [django.server:212] "POST /api/accounts/logout/ HTTP/1.1" 205 25
[2024-10-24 06:32:35] INFO [django.server:212] "POST /api/accounts/login/ HTTP/1.1" 200 483
[2024-10-24 06:32:35] INFO [django.server:212] "GET /api/accounts/me/ HTTP/1.1" 200 52
[2024-10-24 06:32:35] INFO [django.server:212] "GET /api/accounts/me/ HTTP/1.1" 200 52
[2024-10-24 06:33:31] INFO [django.server:81] - Broken pipe from ('127.0.0.1', 54924)
[2024-10-24 06:33:38] INFO [django.server:81] - Broken pipe from ('127.0.0.1', 55023)
[2024-10-24 06:40:28] INFO [django.utils.autoreload:266] /Users/csgo/Desktop/ZJU_CS_COURSE/price_comparison_website/backend/products/urls.py changed, reloading.
[2024-10-24 06:40:29] INFO [django.utils.autoreload:668] Watching for file changes with StatReloader
[2024-10-24 06:42:48] WARNING [django.request:241] Unauthorized: /api/accounts/me/
[2024-10-24 06:42:48] WARNING [django.server:212] "GET /api/accounts/me/ HTTP/1.1" 401 183
[2024-10-24 06:42:48] WARNING [django.request:241] Not Found: /api/token/refresh/
[2024-10-24 06:42:48] WARNING [django.server:212] "POST /api/token/refresh/ HTTP/1.1" 404 2495
[2024-10-24 06:42:48] WARNING [django.request:241] Unauthorized: /api/accounts/logout/
[2024-10-24 06:42:48] WARNING [django.request:241] Unauthorized: /api/accounts/logout/
[2024-10-24 06:42:48] WARNING [django.server:212] "POST /api/accounts/logout/ HTTP/1.1" 401 183
[2024-10-24 06:42:48] WARNING [django.server:212] "POST /api/accounts/logout/ HTTP/1.1" 401 183
[2024-10-24 06:42:48] WARNING [django.request:241] Not Found: /api/token/refresh/
[2024-10-24 06:42:48] WARNING [django.server:212] "POST /api/token/refresh/ HTTP/1.1" 404 2495
[2024-10-24 06:42:48] WARNING [django.request:241] Unauthorized: /api/accounts/logout/
[2024-10-24 06:42:48] WARNING [django.server:212] "POST /api/accounts/logout/ HTTP/1.1" 401 183
[2024-10-24 06:42:48] INFO [django.server:212] "POST /api/accounts/logout/ HTTP/1.1" 205 25
[2024-10-24 06:45:44] INFO [django.utils.autoreload:668] Watching for file changes with StatReloader
[2024-10-24 06:46:04] INFO [django.server:212] "POST /api/accounts/login/ HTTP/1.1" 200 483
[2024-10-24 06:46:04] INFO [django.server:212] "GET /api/accounts/me/ HTTP/1.1" 200 52
[2024-10-24 06:46:04] INFO [django.server:212] "GET /api/accounts/me/ HTTP/1.1" 200 52
[2024-10-24 06:46:58] INFO [django.server:212] "POST /api/products/search/ HTTP/1.1" 200 46610
[2024-10-24 06:47:08] INFO [django.server:212] "OPTIONS /api/products/427/ HTTP/1.1" 200 0
[2024-10-24 06:47:08] INFO [django.server:212] "GET /api/products/427/ HTTP/1.1" 200 449
[2024-10-24 06:47:57] INFO [django.server:212] "POST /api/products/search/ HTTP/1.1" 200 59145
[2024-10-24 06:48:09] INFO [django.server:212] "POST /api/products/search/ HTTP/1.1" 200 9048
[2024-10-24 06:48:16] INFO [django.server:212] "POST /api/products/search/ HTTP/1.1" 200 63976
[2024-10-24 06:48:50] INFO [django.server:212] "OPTIONS /api/products/484/ HTTP/1.1" 200 0
[2024-10-24 06:48:50] INFO [django.server:212] "GET /api/products/484/ HTTP/1.1" 200 445
[2024-10-24 06:52:20] WARNING [django.request:241] Unauthorized: /api/products/484/
[2024-10-24 06:52:20] WARNING [django.server:212] "GET /api/products/484/ HTTP/1.1" 401 183
[2024-10-24 06:52:20] WARNING [django.request:241] Not Found: /api/token/refresh/
[2024-10-24 06:52:20] WARNING [django.server:212] "POST /api/token/refresh/ HTTP/1.1" 404 2495
[2024-10-24 06:52:20] WARNING [django.request:241] Unauthorized: /api/accounts/logout/
[2024-10-24 06:52:20] WARNING [django.server:212] "POST /api/accounts/logout/ HTTP/1.1" 401 183
[2024-10-24 06:52:20] WARNING [django.request:241] Not Found: /api/token/refresh/
[2024-10-24 06:52:20] WARNING [django.server:212] "POST /api/token/refresh/ HTTP/1.1" 404 2495
[2024-10-24 06:52:20] WARNING [django.request:241] Unauthorized: /api/accounts/logout/
[2024-10-24 06:52:20] WARNING [django.server:212] "POST /api/accounts/logout/ HTTP/1.1" 401 183
[2024-10-24 06:52:20] INFO [django.server:212] "POST /api/accounts/logout/ HTTP/1.1" 205 25
[2024-10-24 06:52:59] INFO [django.server:212] "POST /api/accounts/login/ HTTP/1.1" 200 483
[2024-10-24 06:52:59] INFO [django.server:212] "GET /api/accounts/me/ HTTP/1.1" 200 52
[2024-10-24 06:52:59] INFO [django.server:212] "GET /api/accounts/me/ HTTP/1.1" 200 52
[2024-10-24 06:53:26] INFO [django.server:212] "POST /api/products/search/ HTTP/1.1" 200 68236
[2024-10-24 06:53:28] INFO [django.server:212] "OPTIONS /api/products/527/ HTTP/1.1" 200 0
[2024-10-24 06:53:28] INFO [django.server:212] "GET /api/products/527/ HTTP/1.1" 200 478
[2024-10-24 06:53:44] INFO [django.server:212] "GET /api/products/527/ HTTP/1.1" 200 478
[2024-10-24 06:53:44] INFO [django.server:212] "GET /api/accounts/me/ HTTP/1.1" 200 52
[2024-10-24 06:59:31] INFO [django.server:212] "GET /admin/ HTTP/1.1" 200 10476
[2024-10-24 06:59:31] INFO [django.server:212] "GET /static/admin/css/base.css HTTP/1.1" 304 0
[2024-10-24 06:59:31] INFO [django.server:212] "GET /static/admin/css/dark_mode.css HTTP/1.1" 304 0
[2024-10-24 06:59:31] INFO [django.server:212] "GET /static/admin/css/nav_sidebar.css HTTP/1.1" 304 0
[2024-10-24 06:59:31] INFO [django.server:212] "GET /static/admin/css/responsive.css HTTP/1.1" 304 0
[2024-10-24 06:59:31] INFO [django.server:212] "GET /static/admin/css/dashboard.css HTTP/1.1" 304 0
[2024-10-24 06:59:31] INFO [django.server:212] "GET /static/admin/js/theme.js HTTP/1.1" 304 0
[2024-10-24 06:59:31] INFO [django.server:212] "GET /static/admin/js/nav_sidebar.js HTTP/1.1" 304 0
[2024-10-24 06:59:31] INFO [django.server:212] "GET /static/admin/img/icon-changelink.svg HTTP/1.1" 304 0
[2024-10-24 06:59:31] INFO [django.server:212] "GET /static/admin/img/icon-addlink.svg HTTP/1.1" 304 0
[2024-10-24 06:59:31] INFO [django.server:212] "GET /static/admin/img/icon-deletelink.svg HTTP/1.1" 304 0
[2024-10-24 06:59:33] INFO [django.server:212] "GET /admin/products/product/ HTTP/1.1" 200 59547
[2024-10-24 06:59:33] INFO [django.server:212] "GET /static/admin/img/search.svg HTTP/1.1" 304 0
[2024-10-24 06:59:33] INFO [django.server:212] "GET /static/admin/css/changelists.css HTTP/1.1" 304 0
[2024-10-24 06:59:33] INFO [django.server:212] "GET /static/admin/js/jquery.init.js HTTP/1.1" 304 0
[2024-10-24 06:59:33] INFO [django.server:212] "GET /static/admin/js/core.js HTTP/1.1" 304 0
[2024-10-24 06:59:33] INFO [django.server:212] "GET /static/admin/js/urlify.js HTTP/1.1" 304 0
[2024-10-24 06:59:33] INFO [django.server:212] "GET /static/admin/js/actions.js HTTP/1.1" 304 0
[2024-10-24 06:59:33] INFO [django.server:212] "GET /static/admin/js/prepopulate.js HTTP/1.1" 304 0
[2024-10-24 06:59:33] INFO [django.server:212] "GET /static/admin/js/admin/RelatedObjectLookups.js HTTP/1.1" 304 0
[2024-10-24 06:59:33] INFO [django.server:212] "GET /static/admin/js/vendor/xregexp/xregexp.js HTTP/1.1" 200 232381
[2024-10-24 06:59:33] INFO [django.server:212] "GET /static/admin/js/vendor/jquery/jquery.js HTTP/1.1" 200 292458
[2024-10-24 06:59:33] INFO [django.server:212] "GET /admin/jsi18n/ HTTP/1.1" 200 3343
[2024-10-24 06:59:33] INFO [django.server:212] "GET /static/admin/js/filters.js HTTP/1.1" 304 0
[2024-10-24 06:59:33] INFO [django.server:212] "GET /static/admin/img/tooltag-add.svg HTTP/1.1" 304 0
[2024-10-24 07:01:23] WARNING [django.request:241] Unauthorized: /api/products/527/
[2024-10-24 07:01:23] WARNING [django.server:212] "GET /api/products/527/ HTTP/1.1" 401 183
[2024-10-24 07:01:23] WARNING [django.request:241] Not Found: /api/token/refresh/
[2024-10-24 07:01:23] WARNING [django.server:212] "POST /api/token/refresh/ HTTP/1.1" 404 2495
[2024-10-24 07:01:23] WARNING [django.request:241] Unauthorized: /api/accounts/logout/
[2024-10-24 07:01:23] WARNING [django.server:212] "POST /api/accounts/logout/ HTTP/1.1" 401 183
[2024-10-24 07:01:23] WARNING [django.request:241] Not Found: /api/token/refresh/
[2024-10-24 07:01:23] WARNING [django.server:212] "POST /api/token/refresh/ HTTP/1.1" 404 2495
[2024-10-24 07:01:23] WARNING [django.request:241] Unauthorized: /api/accounts/logout/
[2024-10-24 07:01:23] WARNING [django.server:212] "POST /api/accounts/logout/ HTTP/1.1" 401 183
[2024-10-24 07:01:23] INFO [django.server:212] "POST /api/accounts/logout/ HTTP/1.1" 205 25
[2024-10-24 07:01:44] INFO [django.server:212] "POST /api/accounts/login/ HTTP/1.1" 200 483
[2024-10-24 07:01:44] INFO [django.server:212] "GET /api/accounts/me/ HTTP/1.1" 200 52
[2024-10-24 07:01:45] INFO [django.server:212] "GET /api/accounts/me/ HTTP/1.1" 200 52
[2024-10-24 07:02:24] INFO [django.server:212] "POST /api/products/search/ HTTP/1.1" 200 78494
[2024-10-24 07:03:43] INFO [django.server:212] "POST /api/products/search/ HTTP/1.1" 200 82949
[2024-10-24 07:04:11] INFO [django.server:212] "GET /api/accounts/me/ HTTP/1.1" 200 52
[2024-10-24 07:04:11] INFO [django.server:212] "GET /api/accounts/me/ HTTP/1.1" 200 52
[2024-10-24 07:04:12] INFO [django.server:212] "GET /api/accounts/me/ HTTP/1.1" 200 52
[2024-10-24 07:04:12] INFO [django.server:212] "GET /api/accounts/me/ HTTP/1.1" 200 52
[2024-10-24 07:04:47] INFO [django.server:212] "POST /api/products/search/ HTTP/1.1" 200 157610
[2024-10-24 07:05:05] INFO [django.server:212] "OPTIONS /api/products/576/ HTTP/1.1" 200 0
[2024-10-24 07:05:05] INFO [django.server:212] "GET /api/products/576/ HTTP/1.1" 200 460
[2024-10-24 07:05:43] INFO [django.server:212] "POST /api/products/search/ HTTP/1.1" 200 105208
[2024-10-24 07:05:52] INFO [django.server:212] "OPTIONS /api/products/795/ HTTP/1.1" 200 0
[2024-10-24 07:05:52] INFO [django.server:212] "GET /api/products/795/ HTTP/1.1" 200 466
[2024-10-24 07:06:19] INFO [django.server:212] "GET /api/accounts/me/ HTTP/1.1" 200 52
[2024-10-24 07:06:19] INFO [django.server:212] "GET /api/accounts/me/ HTTP/1.1" 200 52
[2024-10-24 07:13:16] WARNING [django.request:241] Unauthorized: /api/products/search/
[2024-10-24 07:13:16] WARNING [django.server:212] "POST /api/products/search/ HTTP/1.1" 401 183
[2024-10-24 07:13:17] WARNING [django.request:241] Not Found: /api/token/refresh/
[2024-10-24 07:13:17] WARNING [django.server:212] "POST /api/token/refresh/ HTTP/1.1" 404 2495
[2024-10-24 07:13:17] WARNING [django.request:241] Unauthorized: /api/accounts/logout/
[2024-10-24 07:13:17] WARNING [django.server:212] "POST /api/accounts/logout/ HTTP/1.1" 401 183
[2024-10-24 07:13:17] WARNING [django.request:241] Not Found: /api/token/refresh/
[2024-10-24 07:13:17] WARNING [django.server:212] "POST /api/token/refresh/ HTTP/1.1" 404 2495
[2024-10-24 07:13:17] WARNING [django.request:241] Unauthorized: /api/accounts/logout/
[2024-10-24 07:13:17] WARNING [django.server:212] "POST /api/accounts/logout/ HTTP/1.1" 401 183
[2024-10-24 07:13:17] INFO [django.server:212] "POST /api/accounts/logout/ HTTP/1.1" 205 25
[2024-10-24 07:13:24] INFO [django.server:212] "POST /api/accounts/login/ HTTP/1.1" 200 483
[2024-10-24 07:13:24] INFO [django.server:212] "GET /api/accounts/me/ HTTP/1.1" 200 52
[2024-10-24 07:13:24] INFO [django.server:212] "GET /api/accounts/me/ HTTP/1.1" 200 52
[2024-10-24 07:13:48] INFO [django.server:212] "POST /api/products/search/ HTTP/1.1" 200 145466
[2024-10-24 07:26:56] WARNING [django.request:241] Unauthorized: /api/products/search/
[2024-10-24 07:26:56] WARNING [django.server:212] "POST /api/products/search/ HTTP/1.1" 401 183
[2024-10-24 07:26:56] WARNING [django.request:241] Not Found: /api/token/refresh/
[2024-10-24 07:26:56] WARNING [django.server:212] "POST /api/token/refresh/ HTTP/1.1" 404 2495
[2024-10-24 07:26:56] WARNING [django.request:241] Unauthorized: /api/accounts/logout/
[2024-10-24 07:26:56] WARNING [django.server:212] "POST /api/accounts/logout/ HTTP/1.1" 401 183
[2024-10-24 07:26:56] WARNING [django.request:241] Not Found: /api/token/refresh/
[2024-10-24 07:26:56] WARNING [django.server:212] "POST /api/token/refresh/ HTTP/1.1" 404 2495
[2024-10-24 07:26:56] WARNING [django.request:241] Unauthorized: /api/accounts/logout/
[2024-10-24 07:26:56] WARNING [django.server:212] "POST /api/accounts/logout/ HTTP/1.1" 401 183
[2024-10-24 07:26:56] INFO [django.server:212] "POST /api/accounts/logout/ HTTP/1.1" 205 25
[2024-10-24 07:27:07] INFO [django.server:212] "POST /api/products/search/ HTTP/1.1" 200 145060
[2024-10-24 07:27:20] INFO [django.server:212] "POST /api/products/search/ HTTP/1.1" 200 141590
[2024-10-24 07:27:25] INFO [django.server:212] "GET /api/products/934/ HTTP/1.1" 200 501
[2024-10-24 07:32:40] INFO [django.server:212] "POST /api/products/search/ HTTP/1.1" 200 104842
[2024-10-24 07:35:18] INFO [django.server:212] "GET /api/products/427/ HTTP/1.1" 200 449
[2024-10-24 07:35:52] INFO [django.server:212] "GET /api/products/42 HTTP/1.1" 301 0
[2024-10-24 07:35:52] WARNING [django.request:241] Not Found: /api/products/42/
[2024-10-24 07:35:52] WARNING [django.server:212] "GET /api/products/42/ HTTP/1.1" 404 27
[2024-10-24 07:35:55] INFO [django.server:212] "GET /api/products/427 HTTP/1.1" 301 0
[2024-10-24 07:35:56] INFO [django.server:212] "GET /api/products/427/ HTTP/1.1" 200 449
[2024-10-24 07:40:12] INFO [django.server:212] "POST /api/accounts/login/ HTTP/1.1" 200 483
[2024-10-24 07:40:12] INFO [django.server:212] "OPTIONS /api/accounts/me HTTP/1.1" 200 0
[2024-10-24 07:40:12] INFO [django.server:212] "OPTIONS /api/accounts/me HTTP/1.1" 200 0
[2024-10-24 07:40:12] INFO [django.server:212] "OPTIONS /api/accounts/me/ HTTP/1.1" 200 0
[2024-10-24 07:40:12] INFO [django.server:212] "OPTIONS /api/accounts/me/ HTTP/1.1" 200 0
[2024-10-24 07:40:12] INFO [django.server:212] "GET /api/accounts/me/ HTTP/1.1" 200 52
[2024-10-24 07:40:12] INFO [django.server:212] "GET /api/accounts/me/ HTTP/1.1" 200 52
[2024-10-24 07:40:47] INFO [django.server:212] "POST /api/products/search/ HTTP/1.1" 200 105153
[2024-10-24 07:46:33] WARNING [django.request:241] Unauthorized: /api/products/search/
[2024-10-24 07:46:33] WARNING [django.server:212] "POST /api/products/search/ HTTP/1.1" 401 183
[2024-10-24 07:46:33] INFO [django.server:212] "OPTIONS /api/token/refresh/ HTTP/1.1" 200 0
[2024-10-24 07:46:33] WARNING [django.request:241] Not Found: /api/token/refresh/
[2024-10-24 07:46:33] WARNING [django.server:212] "POST /api/token/refresh/ HTTP/1.1" 404 2495
[2024-10-24 07:46:33] INFO [django.server:212] "OPTIONS /api/accounts/logout/ HTTP/1.1" 200 0
[2024-10-24 07:46:33] WARNING [django.request:241] Unauthorized: /api/accounts/logout/
[2024-10-24 07:46:33] WARNING [django.server:212] "POST /api/accounts/logout/ HTTP/1.1" 401 183
[2024-10-24 07:46:33] WARNING [django.request:241] Not Found: /api/token/refresh/
[2024-10-24 07:46:33] WARNING [django.server:212] "POST /api/token/refresh/ HTTP/1.1" 404 2495
[2024-10-24 07:46:33] WARNING [django.request:241] Unauthorized: /api/accounts/logout/
[2024-10-24 07:46:33] WARNING [django.server:212] "POST /api/accounts/logout/ HTTP/1.1" 401 183
[2024-10-24 07:46:33] INFO [django.server:212] "POST /api/accounts/logout/ HTTP/1.1" 205 25
[2024-10-24 07:46:48] INFO [django.server:212] "POST /api/products/search/ HTTP/1.1" 200 109925
[2024-10-24 07:49:17] INFO [django.server:212] "OPTIONS /api/products/search/ HTTP/1.1" 200 0
[2024-10-24 07:49:31] INFO [django.server:212] "POST /api/products/search/ HTTP/1.1" 200 128324
[2024-10-24 12:27:01] INFO [django.server:212] "GET /admin/products/product/ HTTP/1.1" 200 60209
[2024-10-24 12:27:01] INFO [django.server:212] "GET /admin/jsi18n/ HTTP/1.1" 200 3343
[2024-10-24 12:27:19] INFO [django.server:212] "POST /admin/products/product/ HTTP/1.1" 200 33452
[2024-10-24 12:27:19] INFO [django.server:212] "GET /static/admin/js/cancel.js HTTP/1.1" 200 884
[2024-10-24 12:27:22] INFO [django.server:212] "POST /admin/products/product/ HTTP/1.1" 302 0
[2024-10-24 12:27:22] INFO [django.server:212] "GET /admin/products/product/ HTTP/1.1" 200 57925
[2024-10-24 12:27:22] INFO [django.server:212] "GET /admin/jsi18n/ HTTP/1.1" 200 3343
[2024-10-24 12:27:22] INFO [django.server:212] "GET /static/admin/img/icon-yes.svg HTTP/1.1" 200 436
[2024-10-24 14:31:05] INFO [django.server:212] "OPTIONS /api/accounts/login/ HTTP/1.1" 200 0
[2024-10-24 14:31:05] INFO [django.server:212] "POST /api/accounts/login/ HTTP/1.1" 200 483
[2024-10-24 14:31:05] INFO [django.server:212] "OPTIONS /api/accounts/me HTTP/1.1" 200 0
[2024-10-24 14:31:05] INFO [django.server:212] "OPTIONS /api/accounts/me/ HTTP/1.1" 200 0
[2024-10-24 14:31:05] INFO [django.server:212] "OPTIONS /api/accounts/me/ HTTP/1.1" 200 0
[2024-10-24 14:31:05] INFO [django.server:212] "GET /api/accounts/me/ HTTP/1.1" 200 52
[2024-10-24 14:31:05] INFO [django.server:212] "GET /api/accounts/me/ HTTP/1.1" 200 52
[2024-10-24 14:36:24] INFO [django.server:212] "GET /admin/ HTTP/1.1" 200 10343
[2024-10-24 14:36:27] INFO [django.server:212] "GET /admin/products/product/ HTTP/1.1" 200 57785
[2024-10-24 14:36:27] INFO [django.server:212] "GET /admin/jsi18n/ HTTP/1.1" 200 3343
[2024-10-24 14:36:40] INFO [django.server:212] "OPTIONS /api/products/search/ HTTP/1.1" 200 0
[2024-10-24 14:36:40] WARNING [django.request:241] Unauthorized: /api/products/search/
[2024-10-24 14:36:40] WARNING [django.server:212] "POST /api/products/search/ HTTP/1.1" 401 183
[2024-10-24 14:36:40] INFO [django.server:212] "OPTIONS /api/token/refresh/ HTTP/1.1" 200 0
[2024-10-24 14:36:40] WARNING [django.request:241] Not Found: /api/token/refresh/
[2024-10-24 14:36:40] WARNING [django.server:212] "POST /api/token/refresh/ HTTP/1.1" 404 2495
[2024-10-24 14:36:40] INFO [django.server:212] "OPTIONS /api/accounts/logout/ HTTP/1.1" 200 0
[2024-10-24 14:36:40] WARNING [django.request:241] Unauthorized: /api/accounts/logout/
[2024-10-24 14:36:40] WARNING [django.server:212] "POST /api/accounts/logout/ HTTP/1.1" 401 183
[2024-10-24 14:36:40] WARNING [django.request:241] Not Found: /api/token/refresh/
[2024-10-24 14:36:40] WARNING [django.server:212] "POST /api/token/refresh/ HTTP/1.1" 404 2495
[2024-10-24 14:36:40] WARNING [django.request:241] Unauthorized: /api/accounts/logout/
[2024-10-24 14:36:40] WARNING [django.server:212] "POST /api/accounts/logout/ HTTP/1.1" 401 183
[2024-10-24 14:36:40] INFO [django.server:212] "POST /api/accounts/logout/ HTTP/1.1" 205 25
[2024-10-24 14:36:51] INFO [django.server:212] "POST /api/products/search/ HTTP/1.1" 200 150470
[2024-10-24 14:37:06] INFO [django.server:212] "GET /api/products/1169/ HTTP/1.1" 200 461
[2024-10-24 14:37:42] INFO [django.server:212] "GET /admin/products/product/ HTTP/1.1" 200 58442
[2024-10-24 14:37:42] INFO [django.server:212] "GET /admin/jsi18n/ HTTP/1.1" 200 3343
[2024-10-24 14:38:21] INFO [django.server:212] "POST /api/accounts/login/ HTTP/1.1" 200 483
[2024-10-24 14:38:21] INFO [django.server:212] "GET /api/accounts/me/ HTTP/1.1" 200 52
[2024-10-24 14:38:21] INFO [django.server:212] "GET /api/accounts/me/ HTTP/1.1" 200 52
[2024-10-24 14:42:09] INFO [django.server:212] "POST /api/products/search/ HTTP/1.1" 200 106328
[2024-10-24 14:53:11] WARNING [django.request:241] Unauthorized: /api/products/search/
[2024-10-24 14:53:11] WARNING [django.server:212] "POST /api/products/search/ HTTP/1.1" 401 183
[2024-10-24 14:53:11] WARNING [django.request:241] Not Found: /api/token/refresh/
[2024-10-24 14:53:11] WARNING [django.server:212] "POST /api/token/refresh/ HTTP/1.1" 404 2495
[2024-10-24 14:53:11] WARNING [django.request:241] Unauthorized: /api/accounts/logout/
[2024-10-24 14:53:11] WARNING [django.server:212] "POST /api/accounts/logout/ HTTP/1.1" 401 183
[2024-10-24 14:53:11] WARNING [django.request:241] Not Found: /api/token/refresh/
[2024-10-24 14:53:11] WARNING [django.server:212] "POST /api/token/refresh/ HTTP/1.1" 404 2495
[2024-10-24 14:53:11] WARNING [django.request:241] Unauthorized: /api/accounts/logout/
[2024-10-24 14:53:11] WARNING [django.server:212] "POST /api/accounts/logout/ HTTP/1.1" 401 183
[2024-10-24 14:53:11] INFO [django.server:212] "POST /api/accounts/logout/ HTTP/1.1" 205 25
[2024-10-24 14:53:17] INFO [django.server:212] "POST /api/products/search/ HTTP/1.1" 200 166306
[2024-10-24 15:03:45] INFO [django.server:212] "POST /api/products/search/ HTTP/1.1" 200 116116
[2024-10-24 15:04:39] INFO [django.server:212] "POST /api/products/search/ HTTP/1.1" 200 116448
[2024-10-24 15:23:05] INFO [django.server:212] "POST /api/products/search/ HTTP/1.1" 200 106190
[2024-10-24 15:23:26] INFO [django.server:212] "POST /api/products/search/ HTTP/1.1" 200 106269
[2024-10-24 15:29:50] INFO [django.server:212] "POST /api/products/search/ HTTP/1.1" 200 107250
[2024-10-24 15:29:59] INFO [django.server:212] "POST /api/products/search/ HTTP/1.1" 200 109917
[2024-10-24 15:36:37] WARNING [django.request:241] Not Found: /api/prodcuts/search
[2024-10-24 15:36:37] WARNING [django.server:212] "GET /api/prodcuts/search HTTP/1.1" 404 2497
[2024-10-24 15:42:26] INFO [django.utils.autoreload:266] /Users/csgo/Desktop/ZJU_CS_COURSE/price_comparison_website/backend/products/serializers.py changed, reloading.
[2024-10-24 15:42:27] INFO [django.utils.autoreload:668] Watching for file changes with StatReloader
[2024-10-24 15:50:02] INFO [django.utils.autoreload:266] /Users/csgo/Desktop/ZJU_CS_COURSE/price_comparison_website/backend/products/views.py changed, reloading.
[2024-10-24 15:50:03] INFO [django.utils.autoreload:668] Watching for file changes with StatReloader
[2024-10-24 15:56:16] ERROR [django.request:241] Internal Server Error: /api/products/search/
[2024-10-24 15:56:16] ERROR [django.server:212] "POST /api/products/search/ HTTP/1.1" 500 68
[2024-10-24 15:56:43] ERROR [django.request:241] Internal Server Error: /api/products/search/
[2024-10-24 15:56:43] ERROR [django.server:212] "POST /api/products/search/ HTTP/1.1" 500 68
[2024-10-24 15:56:56] INFO [django.utils.autoreload:266] /Users/csgo/Desktop/ZJU_CS_COURSE/price_comparison_website/backend/products/views.py changed, reloading.
[2024-10-24 15:57:00] INFO [django.utils.autoreload:668] Watching for file changes with StatReloader
[2024-10-24 15:57:35] INFO [django.server:212] "POST /api/products/search/ HTTP/1.1" 200 107208
[2024-10-24 15:58:29] ERROR [django.request:241] Internal Server Error: /api/products/search
Traceback (most recent call last):
  File "/Users/csgo/Desktop/ZJU_CS_COURSE/price_comparison_website/.venv/lib/python3.8/site-packages/django/core/handlers/exception.py", line 55, in inner
    response = get_response(request)
  File "/Users/csgo/Desktop/ZJU_CS_COURSE/price_comparison_website/.venv/lib/python3.8/site-packages/django/utils/deprecation.py", line 136, in __call__
    response = self.process_response(request, response)
  File "/Users/csgo/Desktop/ZJU_CS_COURSE/price_comparison_website/.venv/lib/python3.8/site-packages/django/middleware/common.py", line 108, in process_response
    return self.response_redirect_class(self.get_full_path_with_slash(request))
  File "/Users/csgo/Desktop/ZJU_CS_COURSE/price_comparison_website/.venv/lib/python3.8/site-packages/django/middleware/common.py", line 87, in get_full_path_with_slash
    raise RuntimeError(
RuntimeError: You called this URL via POST, but the URL doesn't end in a slash and you have APPEND_SLASH set. Django can't redirect to the slash URL while maintaining POST data. Change your form to point to localhost:8000/api/products/search/ (note the trailing slash), or set APPEND_SLASH=False in your Django settings.
[2024-10-24 15:58:29] ERROR [django.server:212] "POST /api/products/search HTTP/1.1" 500 75511
[2024-10-24 16:01:03] ERROR [django.request:241] Internal Server Error: /api/products/jd_search
Traceback (most recent call last):
  File "/Users/csgo/Desktop/ZJU_CS_COURSE/price_comparison_website/.venv/lib/python3.8/site-packages/django/core/handlers/exception.py", line 55, in inner
    response = get_response(request)
  File "/Users/csgo/Desktop/ZJU_CS_COURSE/price_comparison_website/.venv/lib/python3.8/site-packages/django/utils/deprecation.py", line 136, in __call__
    response = self.process_response(request, response)
  File "/Users/csgo/Desktop/ZJU_CS_COURSE/price_comparison_website/.venv/lib/python3.8/site-packages/django/middleware/common.py", line 108, in process_response
    return self.response_redirect_class(self.get_full_path_with_slash(request))
  File "/Users/csgo/Desktop/ZJU_CS_COURSE/price_comparison_website/.venv/lib/python3.8/site-packages/django/middleware/common.py", line 87, in get_full_path_with_slash
    raise RuntimeError(
RuntimeError: You called this URL via POST, but the URL doesn't end in a slash and you have APPEND_SLASH set. Django can't redirect to the slash URL while maintaining POST data. Change your form to point to localhost:8000/api/products/jd_search/?Content-Type=application/json (note the trailing slash), or set APPEND_SLASH=False in your Django settings.
[2024-10-24 16:01:03] ERROR [django.server:212] "POST /api/products/jd_search?Content-Type=application/json HTTP/1.1" 500 76227
[2024-10-24 16:01:11] ERROR [django.request:241] Internal Server Error: /api/products/jd_search
Traceback (most recent call last):
  File "/Users/csgo/Desktop/ZJU_CS_COURSE/price_comparison_website/.venv/lib/python3.8/site-packages/django/core/handlers/exception.py", line 55, in inner
    response = get_response(request)
  File "/Users/csgo/Desktop/ZJU_CS_COURSE/price_comparison_website/.venv/lib/python3.8/site-packages/django/utils/deprecation.py", line 136, in __call__
    response = self.process_response(request, response)
  File "/Users/csgo/Desktop/ZJU_CS_COURSE/price_comparison_website/.venv/lib/python3.8/site-packages/django/middleware/common.py", line 108, in process_response
    return self.response_redirect_class(self.get_full_path_with_slash(request))
  File "/Users/csgo/Desktop/ZJU_CS_COURSE/price_comparison_website/.venv/lib/python3.8/site-packages/django/middleware/common.py", line 87, in get_full_path_with_slash
    raise RuntimeError(
RuntimeError: You called this URL via POST, but the URL doesn't end in a slash and you have APPEND_SLASH set. Django can't redirect to the slash URL while maintaining POST data. Change your form to point to localhost:8000/api/products/jd_search/?Content-Type=application/json (note the trailing slash), or set APPEND_SLASH=False in your Django settings.
[2024-10-24 16:01:11] ERROR [django.server:212] "POST /api/products/jd_search?Content-Type=application/json HTTP/1.1" 500 76227
[2024-10-24 16:01:12] ERROR [django.request:241] Internal Server Error: /api/products/jd_search
Traceback (most recent call last):
  File "/Users/csgo/Desktop/ZJU_CS_COURSE/price_comparison_website/.venv/lib/python3.8/site-packages/django/core/handlers/exception.py", line 55, in inner
    response = get_response(request)
  File "/Users/csgo/Desktop/ZJU_CS_COURSE/price_comparison_website/.venv/lib/python3.8/site-packages/django/utils/deprecation.py", line 136, in __call__
    response = self.process_response(request, response)
  File "/Users/csgo/Desktop/ZJU_CS_COURSE/price_comparison_website/.venv/lib/python3.8/site-packages/django/middleware/common.py", line 108, in process_response
    return self.response_redirect_class(self.get_full_path_with_slash(request))
  File "/Users/csgo/Desktop/ZJU_CS_COURSE/price_comparison_website/.venv/lib/python3.8/site-packages/django/middleware/common.py", line 87, in get_full_path_with_slash
    raise RuntimeError(
RuntimeError: You called this URL via POST, but the URL doesn't end in a slash and you have APPEND_SLASH set. Django can't redirect to the slash URL while maintaining POST data. Change your form to point to localhost:8000/api/products/jd_search/?Content-Type=application/json (note the trailing slash), or set APPEND_SLASH=False in your Django settings.
[2024-10-24 16:01:12] ERROR [django.server:212] "POST /api/products/jd_search?Content-Type=application/json HTTP/1.1" 500 76227
[2024-10-24 16:01:27] INFO [django.utils.autoreload:266] /Users/csgo/Desktop/ZJU_CS_COURSE/price_comparison_website/backend/products/serializers.py changed, reloading.
[2024-10-24 16:01:28] INFO [django.utils.autoreload:668] Watching for file changes with StatReloader
[2024-10-24 16:01:30] ERROR [django.request:241] Internal Server Error: /api/products/jd_search
Traceback (most recent call last):
  File "/Users/csgo/Desktop/ZJU_CS_COURSE/price_comparison_website/.venv/lib/python3.8/site-packages/django/core/handlers/exception.py", line 55, in inner
    response = get_response(request)
  File "/Users/csgo/Desktop/ZJU_CS_COURSE/price_comparison_website/.venv/lib/python3.8/site-packages/django/utils/deprecation.py", line 136, in __call__
    response = self.process_response(request, response)
  File "/Users/csgo/Desktop/ZJU_CS_COURSE/price_comparison_website/.venv/lib/python3.8/site-packages/django/middleware/common.py", line 108, in process_response
    return self.response_redirect_class(self.get_full_path_with_slash(request))
  File "/Users/csgo/Desktop/ZJU_CS_COURSE/price_comparison_website/.venv/lib/python3.8/site-packages/django/middleware/common.py", line 87, in get_full_path_with_slash
    raise RuntimeError(
RuntimeError: You called this URL via POST, but the URL doesn't end in a slash and you have APPEND_SLASH set. Django can't redirect to the slash URL while maintaining POST data. Change your form to point to localhost:8000/api/products/jd_search/?Content-Type=application/json (note the trailing slash), or set APPEND_SLASH=False in your Django settings.
[2024-10-24 16:01:30] ERROR [django.server:212] "POST /api/products/jd_search?Content-Type=application/json HTTP/1.1" 500 76227
[2024-10-24 16:01:50] INFO [django.server:212] "POST /api/products/jd_search/?Content-Type=application/json HTTP/1.1" 200 15017
[2024-10-24 16:02:49] INFO [django.server:212] "POST /api/products/tb_search/?Content-Type=application/json HTTP/1.1" 200 97337
[2024-10-24 16:06:35] INFO [django.server:212] "POST /api/products/jd_search/?Content-Type=application/json HTTP/1.1" 200 15132
